Start testing: Mar 25 17:12 -03
----------------------------------------------------------
1/73 Testing: TestPositionParsing.ValidParsing
1/73 Test: TestPositionParsing.ValidParsing
Command: "/home/rafaelmeirelles/santoriniCpp2025/build/run_tests" "--gtest_filter=TestPositionParsing.ValidParsing" "--gtest_also_run_disabled_tests"
Directory: /home/rafaelmeirelles/santoriniCpp2025/build
"TestPositionParsing.ValidParsing" start time: Mar 25 17:12 -03
Output:
----------------------------------------------------------
Running main() from /home/rafaelmeirelles/santoriniCpp2025/extern/googletest/googletest/src/gtest_main.cc
Note: Google Test filter = TestPositionParsing.ValidParsing
[==========] Running 1 test from 1 test suite.
[----------] Global test environment set-up.
[----------] 1 test from TestPositionParsing
[ RUN      ] TestPositionParsing.ValidParsing
[       OK ] TestPositionParsing.ValidParsing (0 ms)
[----------] 1 test from TestPositionParsing (0 ms total)

[----------] Global test environment tear-down
[==========] 1 test from 1 test suite ran. (0 ms total)
[  PASSED  ] 1 test.
<end of output>
Test time =   0.00 sec
----------------------------------------------------------
Test Passed.
"TestPositionParsing.ValidParsing" end time: Mar 25 17:12 -03
"TestPositionParsing.ValidParsing" time elapsed: 00:00:00
----------------------------------------------------------

2/73 Testing: TestPositionParsing.InvalidLength
2/73 Test: TestPositionParsing.InvalidLength
Command: "/home/rafaelmeirelles/santoriniCpp2025/build/run_tests" "--gtest_filter=TestPositionParsing.InvalidLength" "--gtest_also_run_disabled_tests"
Directory: /home/rafaelmeirelles/santoriniCpp2025/build
"TestPositionParsing.InvalidLength" start time: Mar 25 17:12 -03
Output:
----------------------------------------------------------
Running main() from /home/rafaelmeirelles/santoriniCpp2025/extern/googletest/googletest/src/gtest_main.cc
Note: Google Test filter = TestPositionParsing.InvalidLength
[==========] Running 1 test from 1 test suite.
[----------] Global test environment set-up.
[----------] 1 test from TestPositionParsing
[ RUN      ] TestPositionParsing.InvalidLength
[       OK ] TestPositionParsing.InvalidLength (0 ms)
[----------] 1 test from TestPositionParsing (0 ms total)

[----------] Global test environment tear-down
[==========] 1 test from 1 test suite ran. (0 ms total)
[  PASSED  ] 1 test.
<end of output>
Test time =   0.00 sec
----------------------------------------------------------
Test Passed.
"TestPositionParsing.InvalidLength" end time: Mar 25 17:12 -03
"TestPositionParsing.InvalidLength" time elapsed: 00:00:00
----------------------------------------------------------

3/73 Testing: TestPositionParsing.InvalidBlockHeights
3/73 Test: TestPositionParsing.InvalidBlockHeights
Command: "/home/rafaelmeirelles/santoriniCpp2025/build/run_tests" "--gtest_filter=TestPositionParsing.InvalidBlockHeights" "--gtest_also_run_disabled_tests"
Directory: /home/rafaelmeirelles/santoriniCpp2025/build
"TestPositionParsing.InvalidBlockHeights" start time: Mar 25 17:12 -03
Output:
----------------------------------------------------------
Running main() from /home/rafaelmeirelles/santoriniCpp2025/extern/googletest/googletest/src/gtest_main.cc
Note: Google Test filter = TestPositionParsing.InvalidBlockHeights
[==========] Running 1 test from 1 test suite.
[----------] Global test environment set-up.
[----------] 1 test from TestPositionParsing
[ RUN      ] TestPositionParsing.InvalidBlockHeights
[       OK ] TestPositionParsing.InvalidBlockHeights (0 ms)
[----------] 1 test from TestPositionParsing (0 ms total)

[----------] Global test environment tear-down
[==========] 1 test from 1 test suite ran. (0 ms total)
[  PASSED  ] 1 test.
<end of output>
Test time =   0.01 sec
----------------------------------------------------------
Test Passed.
"TestPositionParsing.InvalidBlockHeights" end time: Mar 25 17:12 -03
"TestPositionParsing.InvalidBlockHeights" time elapsed: 00:00:00
----------------------------------------------------------

4/73 Testing: TestPositionParsing.InvalidWorkerCodes
4/73 Test: TestPositionParsing.InvalidWorkerCodes
Command: "/home/rafaelmeirelles/santoriniCpp2025/build/run_tests" "--gtest_filter=TestPositionParsing.InvalidWorkerCodes" "--gtest_also_run_disabled_tests"
Directory: /home/rafaelmeirelles/santoriniCpp2025/build
"TestPositionParsing.InvalidWorkerCodes" start time: Mar 25 17:12 -03
Output:
----------------------------------------------------------
Running main() from /home/rafaelmeirelles/santoriniCpp2025/extern/googletest/googletest/src/gtest_main.cc
Note: Google Test filter = TestPositionParsing.InvalidWorkerCodes
[==========] Running 1 test from 1 test suite.
[----------] Global test environment set-up.
[----------] 1 test from TestPositionParsing
[ RUN      ] TestPositionParsing.InvalidWorkerCodes
[       OK ] TestPositionParsing.InvalidWorkerCodes (0 ms)
[----------] 1 test from TestPositionParsing (0 ms total)

[----------] Global test environment tear-down
[==========] 1 test from 1 test suite ran. (0 ms total)
[  PASSED  ] 1 test.
<end of output>
Test time =   0.01 sec
----------------------------------------------------------
Test Passed.
"TestPositionParsing.InvalidWorkerCodes" end time: Mar 25 17:12 -03
"TestPositionParsing.InvalidWorkerCodes" time elapsed: 00:00:00
----------------------------------------------------------

5/73 Testing: TestPositionParsing.InvalidWorkerCount
5/73 Test: TestPositionParsing.InvalidWorkerCount
Command: "/home/rafaelmeirelles/santoriniCpp2025/build/run_tests" "--gtest_filter=TestPositionParsing.InvalidWorkerCount" "--gtest_also_run_disabled_tests"
Directory: /home/rafaelmeirelles/santoriniCpp2025/build
"TestPositionParsing.InvalidWorkerCount" start time: Mar 25 17:12 -03
Output:
----------------------------------------------------------
Running main() from /home/rafaelmeirelles/santoriniCpp2025/extern/googletest/googletest/src/gtest_main.cc
Note: Google Test filter = TestPositionParsing.InvalidWorkerCount
[==========] Running 1 test from 1 test suite.
[----------] Global test environment set-up.
[----------] 1 test from TestPositionParsing
[ RUN      ] TestPositionParsing.InvalidWorkerCount
[       OK ] TestPositionParsing.InvalidWorkerCount (0 ms)
[----------] 1 test from TestPositionParsing (0 ms total)

[----------] Global test environment tear-down
[==========] 1 test from 1 test suite ran. (0 ms total)
[  PASSED  ] 1 test.
<end of output>
Test time =   0.01 sec
----------------------------------------------------------
Test Passed.
"TestPositionParsing.InvalidWorkerCount" end time: Mar 25 17:12 -03
"TestPositionParsing.InvalidWorkerCount" time elapsed: 00:00:00
----------------------------------------------------------

6/73 Testing: TestPositionParsing.InvalidTurnChar
6/73 Test: TestPositionParsing.InvalidTurnChar
Command: "/home/rafaelmeirelles/santoriniCpp2025/build/run_tests" "--gtest_filter=TestPositionParsing.InvalidTurnChar" "--gtest_also_run_disabled_tests"
Directory: /home/rafaelmeirelles/santoriniCpp2025/build
"TestPositionParsing.InvalidTurnChar" start time: Mar 25 17:12 -03
Output:
----------------------------------------------------------
Running main() from /home/rafaelmeirelles/santoriniCpp2025/extern/googletest/googletest/src/gtest_main.cc
Note: Google Test filter = TestPositionParsing.InvalidTurnChar
[==========] Running 1 test from 1 test suite.
[----------] Global test environment set-up.
[----------] 1 test from TestPositionParsing
[ RUN      ] TestPositionParsing.InvalidTurnChar
[       OK ] TestPositionParsing.InvalidTurnChar (0 ms)
[----------] 1 test from TestPositionParsing (0 ms total)

[----------] Global test environment tear-down
[==========] 1 test from 1 test suite ran. (0 ms total)
[  PASSED  ] 1 test.
<end of output>
Test time =   0.01 sec
----------------------------------------------------------
Test Passed.
"TestPositionParsing.InvalidTurnChar" end time: Mar 25 17:12 -03
"TestPositionParsing.InvalidTurnChar" time elapsed: 00:00:00
----------------------------------------------------------

7/73 Testing: TestPositionParsing.InvalidGodChar
7/73 Test: TestPositionParsing.InvalidGodChar
Command: "/home/rafaelmeirelles/santoriniCpp2025/build/run_tests" "--gtest_filter=TestPositionParsing.InvalidGodChar" "--gtest_also_run_disabled_tests"
Directory: /home/rafaelmeirelles/santoriniCpp2025/build
"TestPositionParsing.InvalidGodChar" start time: Mar 25 17:12 -03
Output:
----------------------------------------------------------
Running main() from /home/rafaelmeirelles/santoriniCpp2025/extern/googletest/googletest/src/gtest_main.cc
Note: Google Test filter = TestPositionParsing.InvalidGodChar
[==========] Running 1 test from 1 test suite.
[----------] Global test environment set-up.
[----------] 1 test from TestPositionParsing
[ RUN      ] TestPositionParsing.InvalidGodChar
[       OK ] TestPositionParsing.InvalidGodChar (0 ms)
[----------] 1 test from TestPositionParsing (0 ms total)

[----------] Global test environment tear-down
[==========] 1 test from 1 test suite ran. (0 ms total)
[  PASSED  ] 1 test.
<end of output>
Test time =   0.01 sec
----------------------------------------------------------
Test Passed.
"TestPositionParsing.InvalidGodChar" end time: Mar 25 17:12 -03
"TestPositionParsing.InvalidGodChar" time elapsed: 00:00:00
----------------------------------------------------------

8/73 Testing: TestPositionParsing.AthenaFlagParsed
8/73 Test: TestPositionParsing.AthenaFlagParsed
Command: "/home/rafaelmeirelles/santoriniCpp2025/build/run_tests" "--gtest_filter=TestPositionParsing.AthenaFlagParsed" "--gtest_also_run_disabled_tests"
Directory: /home/rafaelmeirelles/santoriniCpp2025/build
"TestPositionParsing.AthenaFlagParsed" start time: Mar 25 17:12 -03
Output:
----------------------------------------------------------
Running main() from /home/rafaelmeirelles/santoriniCpp2025/extern/googletest/googletest/src/gtest_main.cc
Note: Google Test filter = TestPositionParsing.AthenaFlagParsed
[==========] Running 1 test from 1 test suite.
[----------] Global test environment set-up.
[----------] 1 test from TestPositionParsing
[ RUN      ] TestPositionParsing.AthenaFlagParsed
[       OK ] TestPositionParsing.AthenaFlagParsed (0 ms)
[----------] 1 test from TestPositionParsing (0 ms total)

[----------] Global test environment tear-down
[==========] 1 test from 1 test suite ran. (0 ms total)
[  PASSED  ] 1 test.
<end of output>
Test time =   0.00 sec
----------------------------------------------------------
Test Passed.
"TestPositionParsing.AthenaFlagParsed" end time: Mar 25 17:12 -03
"TestPositionParsing.AthenaFlagParsed" time elapsed: 00:00:00
----------------------------------------------------------

9/73 Testing: TestGeneralRules.MoveDownAnyNumberOfSquares
9/73 Test: TestGeneralRules.MoveDownAnyNumberOfSquares
Command: "/home/rafaelmeirelles/santoriniCpp2025/build/run_tests" "--gtest_filter=TestGeneralRules.MoveDownAnyNumberOfSquares" "--gtest_also_run_disabled_tests"
Directory: /home/rafaelmeirelles/santoriniCpp2025/build
"TestGeneralRules.MoveDownAnyNumberOfSquares" start time: Mar 25 17:12 -03
Output:
----------------------------------------------------------
Running main() from /home/rafaelmeirelles/santoriniCpp2025/extern/googletest/googletest/src/gtest_main.cc
Note: Google Test filter = TestGeneralRules.MoveDownAnyNumberOfSquares
[==========] Running 1 test from 1 test suite.
[----------] Global test environment set-up.
[----------] 1 test from TestGeneralRules
[ RUN      ] TestGeneralRules.MoveDownAnyNumberOfSquares
[       OK ] TestGeneralRules.MoveDownAnyNumberOfSquares (0 ms)
[----------] 1 test from TestGeneralRules (0 ms total)

[----------] Global test environment tear-down
[==========] 1 test from 1 test suite ran. (0 ms total)
[  PASSED  ] 1 test.
<end of output>
Test time =   0.00 sec
----------------------------------------------------------
Test Passed.
"TestGeneralRules.MoveDownAnyNumberOfSquares" end time: Mar 25 17:12 -03
"TestGeneralRules.MoveDownAnyNumberOfSquares" time elapsed: 00:00:00
----------------------------------------------------------

10/73 Testing: TestGeneralRules.CanBuildWhereYouCameFrom
10/73 Test: TestGeneralRules.CanBuildWhereYouCameFrom
Command: "/home/rafaelmeirelles/santoriniCpp2025/build/run_tests" "--gtest_filter=TestGeneralRules.CanBuildWhereYouCameFrom" "--gtest_also_run_disabled_tests"
Directory: /home/rafaelmeirelles/santoriniCpp2025/build
"TestGeneralRules.CanBuildWhereYouCameFrom" start time: Mar 25 17:12 -03
Output:
----------------------------------------------------------
Running main() from /home/rafaelmeirelles/santoriniCpp2025/extern/googletest/googletest/src/gtest_main.cc
Note: Google Test filter = TestGeneralRules.CanBuildWhereYouCameFrom
[==========] Running 1 test from 1 test suite.
[----------] Global test environment set-up.
[----------] 1 test from TestGeneralRules
[ RUN      ] TestGeneralRules.CanBuildWhereYouCameFrom
[       OK ] TestGeneralRules.CanBuildWhereYouCameFrom (0 ms)
[----------] 1 test from TestGeneralRules (0 ms total)

[----------] Global test environment tear-down
[==========] 1 test from 1 test suite ran. (0 ms total)
[  PASSED  ] 1 test.
<end of output>
Test time =   0.01 sec
----------------------------------------------------------
Test Passed.
"TestGeneralRules.CanBuildWhereYouCameFrom" end time: Mar 25 17:12 -03
"TestGeneralRules.CanBuildWhereYouCameFrom" time elapsed: 00:00:00
----------------------------------------------------------

11/73 Testing: TestGeneralRules.CantWarpAroundTheBoard
11/73 Test: TestGeneralRules.CantWarpAroundTheBoard
Command: "/home/rafaelmeirelles/santoriniCpp2025/build/run_tests" "--gtest_filter=TestGeneralRules.CantWarpAroundTheBoard" "--gtest_also_run_disabled_tests"
Directory: /home/rafaelmeirelles/santoriniCpp2025/build
"TestGeneralRules.CantWarpAroundTheBoard" start time: Mar 25 17:12 -03
Output:
----------------------------------------------------------
Running main() from /home/rafaelmeirelles/santoriniCpp2025/extern/googletest/googletest/src/gtest_main.cc
Note: Google Test filter = TestGeneralRules.CantWarpAroundTheBoard
[==========] Running 1 test from 1 test suite.
[----------] Global test environment set-up.
[----------] 1 test from TestGeneralRules
[ RUN      ] TestGeneralRules.CantWarpAroundTheBoard
[       OK ] TestGeneralRules.CantWarpAroundTheBoard (0 ms)
[----------] 1 test from TestGeneralRules (0 ms total)

[----------] Global test environment tear-down
[==========] 1 test from 1 test suite ran. (0 ms total)
[  PASSED  ] 1 test.
<end of output>
Test time =   0.01 sec
----------------------------------------------------------
Test Passed.
"TestGeneralRules.CantWarpAroundTheBoard" end time: Mar 25 17:12 -03
"TestGeneralRules.CantWarpAroundTheBoard" time elapsed: 00:00:00
----------------------------------------------------------

12/73 Testing: TestGeneralRules.CantBuildOnNonAdjacentSquare
12/73 Test: TestGeneralRules.CantBuildOnNonAdjacentSquare
Command: "/home/rafaelmeirelles/santoriniCpp2025/build/run_tests" "--gtest_filter=TestGeneralRules.CantBuildOnNonAdjacentSquare" "--gtest_also_run_disabled_tests"
Directory: /home/rafaelmeirelles/santoriniCpp2025/build
"TestGeneralRules.CantBuildOnNonAdjacentSquare" start time: Mar 25 17:12 -03
Output:
----------------------------------------------------------
Running main() from /home/rafaelmeirelles/santoriniCpp2025/extern/googletest/googletest/src/gtest_main.cc
Note: Google Test filter = TestGeneralRules.CantBuildOnNonAdjacentSquare
[==========] Running 1 test from 1 test suite.
[----------] Global test environment set-up.
[----------] 1 test from TestGeneralRules
[ RUN      ] TestGeneralRules.CantBuildOnNonAdjacentSquare
[       OK ] TestGeneralRules.CantBuildOnNonAdjacentSquare (0 ms)
[----------] 1 test from TestGeneralRules (0 ms total)

[----------] Global test environment tear-down
[==========] 1 test from 1 test suite ran. (0 ms total)
[  PASSED  ] 1 test.
<end of output>
Test time =   0.01 sec
----------------------------------------------------------
Test Passed.
"TestGeneralRules.CantBuildOnNonAdjacentSquare" end time: Mar 25 17:12 -03
"TestGeneralRules.CantBuildOnNonAdjacentSquare" time elapsed: 00:00:00
----------------------------------------------------------

13/73 Testing: TestGeneralRules.NoBuildOnWorker
13/73 Test: TestGeneralRules.NoBuildOnWorker
Command: "/home/rafaelmeirelles/santoriniCpp2025/build/run_tests" "--gtest_filter=TestGeneralRules.NoBuildOnWorker" "--gtest_also_run_disabled_tests"
Directory: /home/rafaelmeirelles/santoriniCpp2025/build
"TestGeneralRules.NoBuildOnWorker" start time: Mar 25 17:12 -03
Output:
----------------------------------------------------------
Running main() from /home/rafaelmeirelles/santoriniCpp2025/extern/googletest/googletest/src/gtest_main.cc
Note: Google Test filter = TestGeneralRules.NoBuildOnWorker
[==========] Running 1 test from 1 test suite.
[----------] Global test environment set-up.
[----------] 1 test from TestGeneralRules
[ RUN      ] TestGeneralRules.NoBuildOnWorker
[       OK ] TestGeneralRules.NoBuildOnWorker (0 ms)
[----------] 1 test from TestGeneralRules (0 ms total)

[----------] Global test environment tear-down
[==========] 1 test from 1 test suite ran. (0 ms total)
[  PASSED  ] 1 test.
<end of output>
Test time =   0.01 sec
----------------------------------------------------------
Test Passed.
"TestGeneralRules.NoBuildOnWorker" end time: Mar 25 17:12 -03
"TestGeneralRules.NoBuildOnWorker" time elapsed: 00:00:00
----------------------------------------------------------

14/73 Testing: TestBoardHashing.EqualBoardsEqualHashes
14/73 Test: TestBoardHashing.EqualBoardsEqualHashes
Command: "/home/rafaelmeirelles/santoriniCpp2025/build/run_tests" "--gtest_filter=TestBoardHashing.EqualBoardsEqualHashes" "--gtest_also_run_disabled_tests"
Directory: /home/rafaelmeirelles/santoriniCpp2025/build
"TestBoardHashing.EqualBoardsEqualHashes" start time: Mar 25 17:12 -03
Output:
----------------------------------------------------------
Running main() from /home/rafaelmeirelles/santoriniCpp2025/extern/googletest/googletest/src/gtest_main.cc
Note: Google Test filter = TestBoardHashing.EqualBoardsEqualHashes
[==========] Running 1 test from 1 test suite.
[----------] Global test environment set-up.
[----------] 1 test from TestBoardHashing
[ RUN      ] TestBoardHashing.EqualBoardsEqualHashes
[       OK ] TestBoardHashing.EqualBoardsEqualHashes (0 ms)
[----------] 1 test from TestBoardHashing (0 ms total)

[----------] Global test environment tear-down
[==========] 1 test from 1 test suite ran. (0 ms total)
[  PASSED  ] 1 test.
<end of output>
Test time =   0.01 sec
----------------------------------------------------------
Test Passed.
"TestBoardHashing.EqualBoardsEqualHashes" end time: Mar 25 17:12 -03
"TestBoardHashing.EqualBoardsEqualHashes" time elapsed: 00:00:00
----------------------------------------------------------

15/73 Testing: TestBoardHashing.TurnAffectsHash
15/73 Test: TestBoardHashing.TurnAffectsHash
Command: "/home/rafaelmeirelles/santoriniCpp2025/build/run_tests" "--gtest_filter=TestBoardHashing.TurnAffectsHash" "--gtest_also_run_disabled_tests"
Directory: /home/rafaelmeirelles/santoriniCpp2025/build
"TestBoardHashing.TurnAffectsHash" start time: Mar 25 17:12 -03
Output:
----------------------------------------------------------
Running main() from /home/rafaelmeirelles/santoriniCpp2025/extern/googletest/googletest/src/gtest_main.cc
Note: Google Test filter = TestBoardHashing.TurnAffectsHash
[==========] Running 1 test from 1 test suite.
[----------] Global test environment set-up.
[----------] 1 test from TestBoardHashing
[ RUN      ] TestBoardHashing.TurnAffectsHash
[       OK ] TestBoardHashing.TurnAffectsHash (0 ms)
[----------] 1 test from TestBoardHashing (0 ms total)

[----------] Global test environment tear-down
[==========] 1 test from 1 test suite ran. (0 ms total)
[  PASSED  ] 1 test.
<end of output>
Test time =   0.01 sec
----------------------------------------------------------
Test Passed.
"TestBoardHashing.TurnAffectsHash" end time: Mar 25 17:12 -03
"TestBoardHashing.TurnAffectsHash" time elapsed: 00:00:00
----------------------------------------------------------

16/73 Testing: TestBoardHashing.AthenaFlagAffectsHash
16/73 Test: TestBoardHashing.AthenaFlagAffectsHash
Command: "/home/rafaelmeirelles/santoriniCpp2025/build/run_tests" "--gtest_filter=TestBoardHashing.AthenaFlagAffectsHash" "--gtest_also_run_disabled_tests"
Directory: /home/rafaelmeirelles/santoriniCpp2025/build
"TestBoardHashing.AthenaFlagAffectsHash" start time: Mar 25 17:12 -03
Output:
----------------------------------------------------------
Running main() from /home/rafaelmeirelles/santoriniCpp2025/extern/googletest/googletest/src/gtest_main.cc
Note: Google Test filter = TestBoardHashing.AthenaFlagAffectsHash
[==========] Running 1 test from 1 test suite.
[----------] Global test environment set-up.
[----------] 1 test from TestBoardHashing
[ RUN      ] TestBoardHashing.AthenaFlagAffectsHash
[       OK ] TestBoardHashing.AthenaFlagAffectsHash (0 ms)
[----------] 1 test from TestBoardHashing (0 ms total)

[----------] Global test environment tear-down
[==========] 1 test from 1 test suite ran. (0 ms total)
[  PASSED  ] 1 test.
<end of output>
Test time =   0.01 sec
----------------------------------------------------------
Test Passed.
"TestBoardHashing.AthenaFlagAffectsHash" end time: Mar 25 17:12 -03
"TestBoardHashing.AthenaFlagAffectsHash" time elapsed: 00:00:00
----------------------------------------------------------

17/73 Testing: TestBoardHashing.BlockHashingOk
17/73 Test: TestBoardHashing.BlockHashingOk
Command: "/home/rafaelmeirelles/santoriniCpp2025/build/run_tests" "--gtest_filter=TestBoardHashing.BlockHashingOk" "--gtest_also_run_disabled_tests"
Directory: /home/rafaelmeirelles/santoriniCpp2025/build
"TestBoardHashing.BlockHashingOk" start time: Mar 25 17:12 -03
Output:
----------------------------------------------------------
Running main() from /home/rafaelmeirelles/santoriniCpp2025/extern/googletest/googletest/src/gtest_main.cc
Note: Google Test filter = TestBoardHashing.BlockHashingOk
[==========] Running 1 test from 1 test suite.
[----------] Global test environment set-up.
[----------] 1 test from TestBoardHashing
[ RUN      ] TestBoardHashing.BlockHashingOk
[       OK ] TestBoardHashing.BlockHashingOk (0 ms)
[----------] 1 test from TestBoardHashing (0 ms total)

[----------] Global test environment tear-down
[==========] 1 test from 1 test suite ran. (0 ms total)
[  PASSED  ] 1 test.
<end of output>
Test time =   0.01 sec
----------------------------------------------------------
Test Passed.
"TestBoardHashing.BlockHashingOk" end time: Mar 25 17:12 -03
"TestBoardHashing.BlockHashingOk" time elapsed: 00:00:00
----------------------------------------------------------

18/73 Testing: TestBoardHashing.WorkerHashingOk
18/73 Test: TestBoardHashing.WorkerHashingOk
Command: "/home/rafaelmeirelles/santoriniCpp2025/build/run_tests" "--gtest_filter=TestBoardHashing.WorkerHashingOk" "--gtest_also_run_disabled_tests"
Directory: /home/rafaelmeirelles/santoriniCpp2025/build
"TestBoardHashing.WorkerHashingOk" start time: Mar 25 17:12 -03
Output:
----------------------------------------------------------
Running main() from /home/rafaelmeirelles/santoriniCpp2025/extern/googletest/googletest/src/gtest_main.cc
Note: Google Test filter = TestBoardHashing.WorkerHashingOk
[==========] Running 1 test from 1 test suite.
[----------] Global test environment set-up.
[----------] 1 test from TestBoardHashing
[ RUN      ] TestBoardHashing.WorkerHashingOk
[       OK ] TestBoardHashing.WorkerHashingOk (608 ms)
[----------] 1 test from TestBoardHashing (608 ms total)

[----------] Global test environment tear-down
[==========] 1 test from 1 test suite ran. (608 ms total)
[  PASSED  ] 1 test.
<end of output>
Test time =   0.61 sec
----------------------------------------------------------
Test Passed.
"TestBoardHashing.WorkerHashingOk" end time: Mar 25 17:12 -03
"TestBoardHashing.WorkerHashingOk" time elapsed: 00:00:00
----------------------------------------------------------

19/73 Testing: TestBoardHashing.HashConsistentAfterMakeUnmake
19/73 Test: TestBoardHashing.HashConsistentAfterMakeUnmake
Command: "/home/rafaelmeirelles/santoriniCpp2025/build/run_tests" "--gtest_filter=TestBoardHashing.HashConsistentAfterMakeUnmake" "--gtest_also_run_disabled_tests"
Directory: /home/rafaelmeirelles/santoriniCpp2025/build
"TestBoardHashing.HashConsistentAfterMakeUnmake" start time: Mar 25 17:12 -03
Output:
----------------------------------------------------------
Running main() from /home/rafaelmeirelles/santoriniCpp2025/extern/googletest/googletest/src/gtest_main.cc
Note: Google Test filter = TestBoardHashing.HashConsistentAfterMakeUnmake
[==========] Running 1 test from 1 test suite.
[----------] Global test environment set-up.
[----------] 1 test from TestBoardHashing
[ RUN      ] TestBoardHashing.HashConsistentAfterMakeUnmake
[       OK ] TestBoardHashing.HashConsistentAfterMakeUnmake (5 ms)
[----------] 1 test from TestBoardHashing (5 ms total)

[----------] Global test environment tear-down
[==========] 1 test from 1 test suite ran. (5 ms total)
[  PASSED  ] 1 test.
<end of output>
Test time =   0.01 sec
----------------------------------------------------------
Test Passed.
"TestBoardHashing.HashConsistentAfterMakeUnmake" end time: Mar 25 17:12 -03
"TestBoardHashing.HashConsistentAfterMakeUnmake" time elapsed: 00:00:00
----------------------------------------------------------

20/73 Testing: TestBoardHashing.HashMatchesAfterMove
20/73 Test: TestBoardHashing.HashMatchesAfterMove
Command: "/home/rafaelmeirelles/santoriniCpp2025/build/run_tests" "--gtest_filter=TestBoardHashing.HashMatchesAfterMove" "--gtest_also_run_disabled_tests"
Directory: /home/rafaelmeirelles/santoriniCpp2025/build
"TestBoardHashing.HashMatchesAfterMove" start time: Mar 25 17:12 -03
Output:
----------------------------------------------------------
Running main() from /home/rafaelmeirelles/santoriniCpp2025/extern/googletest/googletest/src/gtest_main.cc
Note: Google Test filter = TestBoardHashing.HashMatchesAfterMove
[==========] Running 1 test from 1 test suite.
[----------] Global test environment set-up.
[----------] 1 test from TestBoardHashing
[ RUN      ] TestBoardHashing.HashMatchesAfterMove
[       OK ] TestBoardHashing.HashMatchesAfterMove (8 ms)
[----------] 1 test from TestBoardHashing (8 ms total)

[----------] Global test environment tear-down
[==========] 1 test from 1 test suite ran. (8 ms total)
[  PASSED  ] 1 test.
<end of output>
Test time =   0.01 sec
----------------------------------------------------------
Test Passed.
"TestBoardHashing.HashMatchesAfterMove" end time: Mar 25 17:12 -03
"TestBoardHashing.HashMatchesAfterMove" time elapsed: 00:00:00
----------------------------------------------------------

21/73 Testing: TestGeneratedMovesAreValid.AllMovesAreValid
21/73 Test: TestGeneratedMovesAreValid.AllMovesAreValid
Command: "/home/rafaelmeirelles/santoriniCpp2025/build/run_tests" "--gtest_filter=TestGeneratedMovesAreValid.AllMovesAreValid" "--gtest_also_run_disabled_tests"
Directory: /home/rafaelmeirelles/santoriniCpp2025/build
"TestGeneratedMovesAreValid.AllMovesAreValid" start time: Mar 25 17:12 -03
Output:
----------------------------------------------------------
Running main() from /home/rafaelmeirelles/santoriniCpp2025/extern/googletest/googletest/src/gtest_main.cc
Note: Google Test filter = TestGeneratedMovesAreValid.AllMovesAreValid
[==========] Running 1 test from 1 test suite.
[----------] Global test environment set-up.
[----------] 1 test from TestGeneratedMovesAreValid
[ RUN      ] TestGeneratedMovesAreValid.AllMovesAreValid
[       OK ] TestGeneratedMovesAreValid.AllMovesAreValid (36 ms)
[----------] 1 test from TestGeneratedMovesAreValid (36 ms total)

[----------] Global test environment tear-down
[==========] 1 test from 1 test suite ran. (36 ms total)
[  PASSED  ] 1 test.
<end of output>
Test time =   0.04 sec
----------------------------------------------------------
Test Passed.
"TestGeneratedMovesAreValid.AllMovesAreValid" end time: Mar 25 17:12 -03
"TestGeneratedMovesAreValid.AllMovesAreValid" time elapsed: 00:00:00
----------------------------------------------------------

22/73 Testing: ApolloTests.swap_up_one_height
22/73 Test: ApolloTests.swap_up_one_height
Command: "/home/rafaelmeirelles/santoriniCpp2025/build/run_tests" "--gtest_filter=ApolloTests.swap_up_one_height" "--gtest_also_run_disabled_tests"
Directory: /home/rafaelmeirelles/santoriniCpp2025/build
"ApolloTests.swap_up_one_height" start time: Mar 25 17:12 -03
Output:
----------------------------------------------------------
Running main() from /home/rafaelmeirelles/santoriniCpp2025/extern/googletest/googletest/src/gtest_main.cc
Note: Google Test filter = ApolloTests.swap_up_one_height
[==========] Running 1 test from 1 test suite.
[----------] Global test environment set-up.
[----------] 1 test from ApolloTests
[ RUN      ] ApolloTests.swap_up_one_height
[       OK ] ApolloTests.swap_up_one_height (0 ms)
[----------] 1 test from ApolloTests (0 ms total)

[----------] Global test environment tear-down
[==========] 1 test from 1 test suite ran. (0 ms total)
[  PASSED  ] 1 test.
<end of output>
Test time =   0.00 sec
----------------------------------------------------------
Test Passed.
"ApolloTests.swap_up_one_height" end time: Mar 25 17:12 -03
"ApolloTests.swap_up_one_height" time elapsed: 00:00:00
----------------------------------------------------------

23/73 Testing: ApolloTests.can_only_swap_with_enemy
23/73 Test: ApolloTests.can_only_swap_with_enemy
Command: "/home/rafaelmeirelles/santoriniCpp2025/build/run_tests" "--gtest_filter=ApolloTests.can_only_swap_with_enemy" "--gtest_also_run_disabled_tests"
Directory: /home/rafaelmeirelles/santoriniCpp2025/build
"ApolloTests.can_only_swap_with_enemy" start time: Mar 25 17:12 -03
Output:
----------------------------------------------------------
Running main() from /home/rafaelmeirelles/santoriniCpp2025/extern/googletest/googletest/src/gtest_main.cc
Note: Google Test filter = ApolloTests.can_only_swap_with_enemy
[==========] Running 1 test from 1 test suite.
[----------] Global test environment set-up.
[----------] 1 test from ApolloTests
[ RUN      ] ApolloTests.can_only_swap_with_enemy
[       OK ] ApolloTests.can_only_swap_with_enemy (0 ms)
[----------] 1 test from ApolloTests (0 ms total)

[----------] Global test environment tear-down
[==========] 1 test from 1 test suite ran. (0 ms total)
[  PASSED  ] 1 test.
<end of output>
Test time =   0.00 sec
----------------------------------------------------------
Test Passed.
"ApolloTests.can_only_swap_with_enemy" end time: Mar 25 17:12 -03
"ApolloTests.can_only_swap_with_enemy" time elapsed: 00:00:00
----------------------------------------------------------

24/73 Testing: ApolloTests.no_moves_but_apollo_swap_saves_you
24/73 Test: ApolloTests.no_moves_but_apollo_swap_saves_you
Command: "/home/rafaelmeirelles/santoriniCpp2025/build/run_tests" "--gtest_filter=ApolloTests.no_moves_but_apollo_swap_saves_you" "--gtest_also_run_disabled_tests"
Directory: /home/rafaelmeirelles/santoriniCpp2025/build
"ApolloTests.no_moves_but_apollo_swap_saves_you" start time: Mar 25 17:12 -03
Output:
----------------------------------------------------------
Running main() from /home/rafaelmeirelles/santoriniCpp2025/extern/googletest/googletest/src/gtest_main.cc
Note: Google Test filter = ApolloTests.no_moves_but_apollo_swap_saves_you
[==========] Running 1 test from 1 test suite.
[----------] Global test environment set-up.
[----------] 1 test from ApolloTests
[ RUN      ] ApolloTests.no_moves_but_apollo_swap_saves_you
[       OK ] ApolloTests.no_moves_but_apollo_swap_saves_you (0 ms)
[----------] 1 test from ApolloTests (0 ms total)

[----------] Global test environment tear-down
[==========] 1 test from 1 test suite ran. (0 ms total)
[  PASSED  ] 1 test.
<end of output>
Test time =   0.00 sec
----------------------------------------------------------
Test Passed.
"ApolloTests.no_moves_but_apollo_swap_saves_you" end time: Mar 25 17:12 -03
"ApolloTests.no_moves_but_apollo_swap_saves_you" time elapsed: 00:00:00
----------------------------------------------------------

25/73 Testing: ApolloTests.no_build_on_from_when_swapping
25/73 Test: ApolloTests.no_build_on_from_when_swapping
Command: "/home/rafaelmeirelles/santoriniCpp2025/build/run_tests" "--gtest_filter=ApolloTests.no_build_on_from_when_swapping" "--gtest_also_run_disabled_tests"
Directory: /home/rafaelmeirelles/santoriniCpp2025/build
"ApolloTests.no_build_on_from_when_swapping" start time: Mar 25 17:12 -03
Output:
----------------------------------------------------------
Running main() from /home/rafaelmeirelles/santoriniCpp2025/extern/googletest/googletest/src/gtest_main.cc
Note: Google Test filter = ApolloTests.no_build_on_from_when_swapping
[==========] Running 1 test from 1 test suite.
[----------] Global test environment set-up.
[----------] 1 test from ApolloTests
[ RUN      ] ApolloTests.no_build_on_from_when_swapping
[       OK ] ApolloTests.no_build_on_from_when_swapping (0 ms)
[----------] 1 test from ApolloTests (0 ms total)

[----------] Global test environment tear-down
[==========] 1 test from 1 test suite ran. (0 ms total)
[  PASSED  ] 1 test.
<end of output>
Test time =   0.00 sec
----------------------------------------------------------
Test Passed.
"ApolloTests.no_build_on_from_when_swapping" end time: Mar 25 17:12 -03
"ApolloTests.no_build_on_from_when_swapping" time elapsed: 00:00:00
----------------------------------------------------------

26/73 Testing: ApolloTests.no_swap_can_build
26/73 Test: ApolloTests.no_swap_can_build
Command: "/home/rafaelmeirelles/santoriniCpp2025/build/run_tests" "--gtest_filter=ApolloTests.no_swap_can_build" "--gtest_also_run_disabled_tests"
Directory: /home/rafaelmeirelles/santoriniCpp2025/build
"ApolloTests.no_swap_can_build" start time: Mar 25 17:12 -03
Output:
----------------------------------------------------------
Running main() from /home/rafaelmeirelles/santoriniCpp2025/extern/googletest/googletest/src/gtest_main.cc
Note: Google Test filter = ApolloTests.no_swap_can_build
[==========] Running 1 test from 1 test suite.
[----------] Global test environment set-up.
[----------] 1 test from ApolloTests
[ RUN      ] ApolloTests.no_swap_can_build
[       OK ] ApolloTests.no_swap_can_build (0 ms)
[----------] 1 test from ApolloTests (0 ms total)

[----------] Global test environment tear-down
[==========] 1 test from 1 test suite ran. (0 ms total)
[  PASSED  ] 1 test.
<end of output>
Test time =   0.00 sec
----------------------------------------------------------
Test Passed.
"ApolloTests.no_swap_can_build" end time: Mar 25 17:12 -03
"ApolloTests.no_swap_can_build" time elapsed: 00:00:00
----------------------------------------------------------

27/73 Testing: ApolloTests.misc
27/73 Test: ApolloTests.misc
Command: "/home/rafaelmeirelles/santoriniCpp2025/build/run_tests" "--gtest_filter=ApolloTests.misc" "--gtest_also_run_disabled_tests"
Directory: /home/rafaelmeirelles/santoriniCpp2025/build
"ApolloTests.misc" start time: Mar 25 17:12 -03
Output:
----------------------------------------------------------
Running main() from /home/rafaelmeirelles/santoriniCpp2025/extern/googletest/googletest/src/gtest_main.cc
Note: Google Test filter = ApolloTests.misc
[==========] Running 1 test from 1 test suite.
[----------] Global test environment set-up.
[----------] 1 test from ApolloTests
[ RUN      ] ApolloTests.misc
[       OK ] ApolloTests.misc (0 ms)
[----------] 1 test from ApolloTests (0 ms total)

[----------] Global test environment tear-down
[==========] 1 test from 1 test suite ran. (0 ms total)
[  PASSED  ] 1 test.
<end of output>
Test time =   0.01 sec
----------------------------------------------------------
Test Passed.
"ApolloTests.misc" end time: Mar 25 17:12 -03
"ApolloTests.misc" time elapsed: 00:00:00
----------------------------------------------------------

28/73 Testing: ArtemisTests.cannot_move_back_to_where_you_started
28/73 Test: ArtemisTests.cannot_move_back_to_where_you_started
Command: "/home/rafaelmeirelles/santoriniCpp2025/build/run_tests" "--gtest_filter=ArtemisTests.cannot_move_back_to_where_you_started" "--gtest_also_run_disabled_tests"
Directory: /home/rafaelmeirelles/santoriniCpp2025/build
"ArtemisTests.cannot_move_back_to_where_you_started" start time: Mar 25 17:12 -03
Output:
----------------------------------------------------------
Running main() from /home/rafaelmeirelles/santoriniCpp2025/extern/googletest/googletest/src/gtest_main.cc
Note: Google Test filter = ArtemisTests.cannot_move_back_to_where_you_started
[==========] Running 1 test from 1 test suite.
[----------] Global test environment set-up.
[----------] 1 test from ArtemisTests
[ RUN      ] ArtemisTests.cannot_move_back_to_where_you_started
[       OK ] ArtemisTests.cannot_move_back_to_where_you_started (0 ms)
[----------] 1 test from ArtemisTests (0 ms total)

[----------] Global test environment tear-down
[==========] 1 test from 1 test suite ran. (0 ms total)
[  PASSED  ] 1 test.
<end of output>
Test time =   0.02 sec
----------------------------------------------------------
Test Passed.
"ArtemisTests.cannot_move_back_to_where_you_started" end time: Mar 25 17:12 -03
"ArtemisTests.cannot_move_back_to_where_you_started" time elapsed: 00:00:00
----------------------------------------------------------

29/73 Testing: ArtemisTests.can_move_only_once_if_she_wants
29/73 Test: ArtemisTests.can_move_only_once_if_she_wants
Command: "/home/rafaelmeirelles/santoriniCpp2025/build/run_tests" "--gtest_filter=ArtemisTests.can_move_only_once_if_she_wants" "--gtest_also_run_disabled_tests"
Directory: /home/rafaelmeirelles/santoriniCpp2025/build
"ArtemisTests.can_move_only_once_if_she_wants" start time: Mar 25 17:12 -03
Output:
----------------------------------------------------------
Running main() from /home/rafaelmeirelles/santoriniCpp2025/extern/googletest/googletest/src/gtest_main.cc
Note: Google Test filter = ArtemisTests.can_move_only_once_if_she_wants
[==========] Running 1 test from 1 test suite.
[----------] Global test environment set-up.
[----------] 1 test from ArtemisTests
[ RUN      ] ArtemisTests.can_move_only_once_if_she_wants
[       OK ] ArtemisTests.can_move_only_once_if_she_wants (0 ms)
[----------] 1 test from ArtemisTests (0 ms total)

[----------] Global test environment tear-down
[==========] 1 test from 1 test suite ran. (0 ms total)
[  PASSED  ] 1 test.
<end of output>
Test time =   0.02 sec
----------------------------------------------------------
Test Passed.
"ArtemisTests.can_move_only_once_if_she_wants" end time: Mar 25 17:12 -03
"ArtemisTests.can_move_only_once_if_she_wants" time elapsed: 00:00:00
----------------------------------------------------------

30/73 Testing: ArtemisTests.to_text_chooses_valid_path
30/73 Test: ArtemisTests.to_text_chooses_valid_path
Command: "/home/rafaelmeirelles/santoriniCpp2025/build/run_tests" "--gtest_filter=ArtemisTests.to_text_chooses_valid_path" "--gtest_also_run_disabled_tests"
Directory: /home/rafaelmeirelles/santoriniCpp2025/build
"ArtemisTests.to_text_chooses_valid_path" start time: Mar 25 17:12 -03
Output:
----------------------------------------------------------
Running main() from /home/rafaelmeirelles/santoriniCpp2025/extern/googletest/googletest/src/gtest_main.cc
Note: Google Test filter = ArtemisTests.to_text_chooses_valid_path
[==========] Running 1 test from 1 test suite.
[----------] Global test environment set-up.
[----------] 1 test from ArtemisTests
[ RUN      ] ArtemisTests.to_text_chooses_valid_path
[       OK ] ArtemisTests.to_text_chooses_valid_path (0 ms)
[----------] 1 test from ArtemisTests (0 ms total)

[----------] Global test environment tear-down
[==========] 1 test from 1 test suite ran. (0 ms total)
[  PASSED  ] 1 test.
<end of output>
Test time =   0.00 sec
----------------------------------------------------------
Test Passed.
"ArtemisTests.to_text_chooses_valid_path" end time: Mar 25 17:12 -03
"ArtemisTests.to_text_chooses_valid_path" time elapsed: 00:00:00
----------------------------------------------------------

31/73 Testing: ArtemisTests.to_text_chooses_valid_path_respecting_height
31/73 Test: ArtemisTests.to_text_chooses_valid_path_respecting_height
Command: "/home/rafaelmeirelles/santoriniCpp2025/build/run_tests" "--gtest_filter=ArtemisTests.to_text_chooses_valid_path_respecting_height" "--gtest_also_run_disabled_tests"
Directory: /home/rafaelmeirelles/santoriniCpp2025/build
"ArtemisTests.to_text_chooses_valid_path_respecting_height" start time: Mar 25 17:12 -03
Output:
----------------------------------------------------------
Running main() from /home/rafaelmeirelles/santoriniCpp2025/extern/googletest/googletest/src/gtest_main.cc
Note: Google Test filter = ArtemisTests.to_text_chooses_valid_path_respecting_height
[==========] Running 1 test from 1 test suite.
[----------] Global test environment set-up.
[----------] 1 test from ArtemisTests
[ RUN      ] ArtemisTests.to_text_chooses_valid_path_respecting_height
[       OK ] ArtemisTests.to_text_chooses_valid_path_respecting_height (0 ms)
[----------] 1 test from ArtemisTests (0 ms total)

[----------] Global test environment tear-down
[==========] 1 test from 1 test suite ran. (0 ms total)
[  PASSED  ] 1 test.
<end of output>
Test time =   0.00 sec
----------------------------------------------------------
Test Passed.
"ArtemisTests.to_text_chooses_valid_path_respecting_height" end time: Mar 25 17:12 -03
"ArtemisTests.to_text_chooses_valid_path_respecting_height" time elapsed: 00:00:00
----------------------------------------------------------

32/73 Testing: AthenaTests.athena_power_works
32/73 Test: AthenaTests.athena_power_works
Command: "/home/rafaelmeirelles/santoriniCpp2025/build/run_tests" "--gtest_filter=AthenaTests.athena_power_works" "--gtest_also_run_disabled_tests"
Directory: /home/rafaelmeirelles/santoriniCpp2025/build
"AthenaTests.athena_power_works" start time: Mar 25 17:12 -03
Output:
----------------------------------------------------------
Running main() from /home/rafaelmeirelles/santoriniCpp2025/extern/googletest/googletest/src/gtest_main.cc
Note: Google Test filter = AthenaTests.athena_power_works
[==========] Running 1 test from 1 test suite.
[----------] Global test environment set-up.
[----------] 1 test from AthenaTests
[ RUN      ] AthenaTests.athena_power_works
[       OK ] AthenaTests.athena_power_works (0 ms)
[----------] 1 test from AthenaTests (0 ms total)

[----------] Global test environment tear-down
[==========] 1 test from 1 test suite ran. (0 ms total)
[  PASSED  ] 1 test.
<end of output>
Test time =   0.00 sec
----------------------------------------------------------
Test Passed.
"AthenaTests.athena_power_works" end time: Mar 25 17:12 -03
"AthenaTests.athena_power_works" time elapsed: 00:00:00
----------------------------------------------------------

33/73 Testing: AthenaTests.opponent_generated_moves_do_not_climb_after_athena_up
33/73 Test: AthenaTests.opponent_generated_moves_do_not_climb_after_athena_up
Command: "/home/rafaelmeirelles/santoriniCpp2025/build/run_tests" "--gtest_filter=AthenaTests.opponent_generated_moves_do_not_climb_after_athena_up" "--gtest_also_run_disabled_tests"
Directory: /home/rafaelmeirelles/santoriniCpp2025/build
"AthenaTests.opponent_generated_moves_do_not_climb_after_athena_up" start time: Mar 25 17:12 -03
Output:
----------------------------------------------------------
Running main() from /home/rafaelmeirelles/santoriniCpp2025/extern/googletest/googletest/src/gtest_main.cc
Note: Google Test filter = AthenaTests.opponent_generated_moves_do_not_climb_after_athena_up
[==========] Running 1 test from 1 test suite.
[----------] Global test environment set-up.
[----------] 1 test from AthenaTests
[ RUN      ] AthenaTests.opponent_generated_moves_do_not_climb_after_athena_up
[       OK ] AthenaTests.opponent_generated_moves_do_not_climb_after_athena_up (0 ms)
[----------] 1 test from AthenaTests (0 ms total)

[----------] Global test environment tear-down
[==========] 1 test from 1 test suite ran. (0 ms total)
[  PASSED  ] 1 test.
<end of output>
Test time =   0.00 sec
----------------------------------------------------------
Test Passed.
"AthenaTests.opponent_generated_moves_do_not_climb_after_athena_up" end time: Mar 25 17:12 -03
"AthenaTests.opponent_generated_moves_do_not_climb_after_athena_up" time elapsed: 00:00:00
----------------------------------------------------------

34/73 Testing: AthenaTests.athena_opponent_no_move_loses
34/73 Test: AthenaTests.athena_opponent_no_move_loses
Command: "/home/rafaelmeirelles/santoriniCpp2025/build/run_tests" "--gtest_filter=AthenaTests.athena_opponent_no_move_loses" "--gtest_also_run_disabled_tests"
Directory: /home/rafaelmeirelles/santoriniCpp2025/build
"AthenaTests.athena_opponent_no_move_loses" start time: Mar 25 17:12 -03
Output:
----------------------------------------------------------
Running main() from /home/rafaelmeirelles/santoriniCpp2025/extern/googletest/googletest/src/gtest_main.cc
Note: Google Test filter = AthenaTests.athena_opponent_no_move_loses
[==========] Running 1 test from 1 test suite.
[----------] Global test environment set-up.
[----------] 1 test from AthenaTests
[ RUN      ] AthenaTests.athena_opponent_no_move_loses
[       OK ] AthenaTests.athena_opponent_no_move_loses (0 ms)
[----------] 1 test from AthenaTests (0 ms total)

[----------] Global test environment tear-down
[==========] 1 test from 1 test suite ran. (0 ms total)
[  PASSED  ] 1 test.
<end of output>
Test time =   0.00 sec
----------------------------------------------------------
Test Passed.
"AthenaTests.athena_opponent_no_move_loses" end time: Mar 25 17:12 -03
"AthenaTests.athena_opponent_no_move_loses" time elapsed: 00:00:00
----------------------------------------------------------

35/73 Testing: AtlasTests.no_one_moves_on_domes
35/73 Test: AtlasTests.no_one_moves_on_domes
Command: "/home/rafaelmeirelles/santoriniCpp2025/build/run_tests" "--gtest_filter=AtlasTests.no_one_moves_on_domes" "--gtest_also_run_disabled_tests"
Directory: /home/rafaelmeirelles/santoriniCpp2025/build
"AtlasTests.no_one_moves_on_domes" start time: Mar 25 17:12 -03
Output:
----------------------------------------------------------
Running main() from /home/rafaelmeirelles/santoriniCpp2025/extern/googletest/googletest/src/gtest_main.cc
Note: Google Test filter = AtlasTests.no_one_moves_on_domes
[==========] Running 1 test from 1 test suite.
[----------] Global test environment set-up.
[----------] 1 test from AtlasTests
[ RUN      ] AtlasTests.no_one_moves_on_domes
[       OK ] AtlasTests.no_one_moves_on_domes (0 ms)
[----------] 1 test from AtlasTests (0 ms total)

[----------] Global test environment tear-down
[==========] 1 test from 1 test suite ran. (0 ms total)
[  PASSED  ] 1 test.
<end of output>
Test time =   0.01 sec
----------------------------------------------------------
Test Passed.
"AtlasTests.no_one_moves_on_domes" end time: Mar 25 17:12 -03
"AtlasTests.no_one_moves_on_domes" time elapsed: 00:00:00
----------------------------------------------------------

36/73 Testing: DemeterTests.cannot_build_twice_on_same_square
36/73 Test: DemeterTests.cannot_build_twice_on_same_square
Command: "/home/rafaelmeirelles/santoriniCpp2025/build/run_tests" "--gtest_filter=DemeterTests.cannot_build_twice_on_same_square" "--gtest_also_run_disabled_tests"
Directory: /home/rafaelmeirelles/santoriniCpp2025/build
"DemeterTests.cannot_build_twice_on_same_square" start time: Mar 25 17:12 -03
Output:
----------------------------------------------------------
Running main() from /home/rafaelmeirelles/santoriniCpp2025/extern/googletest/googletest/src/gtest_main.cc
Note: Google Test filter = DemeterTests.cannot_build_twice_on_same_square
[==========] Running 1 test from 1 test suite.
[----------] Global test environment set-up.
[----------] 1 test from DemeterTests
[ RUN      ] DemeterTests.cannot_build_twice_on_same_square
[       OK ] DemeterTests.cannot_build_twice_on_same_square (0 ms)
[----------] 1 test from DemeterTests (0 ms total)

[----------] Global test environment tear-down
[==========] 1 test from 1 test suite ran. (0 ms total)
[  PASSED  ] 1 test.
<end of output>
Test time =   0.00 sec
----------------------------------------------------------
Test Passed.
"DemeterTests.cannot_build_twice_on_same_square" end time: Mar 25 17:12 -03
"DemeterTests.cannot_build_twice_on_same_square" time elapsed: 00:00:00
----------------------------------------------------------

37/73 Testing: DemeterTests.can_build_only_once_if_desired
37/73 Test: DemeterTests.can_build_only_once_if_desired
Command: "/home/rafaelmeirelles/santoriniCpp2025/build/run_tests" "--gtest_filter=DemeterTests.can_build_only_once_if_desired" "--gtest_also_run_disabled_tests"
Directory: /home/rafaelmeirelles/santoriniCpp2025/build
"DemeterTests.can_build_only_once_if_desired" start time: Mar 25 17:12 -03
Output:
----------------------------------------------------------
Running main() from /home/rafaelmeirelles/santoriniCpp2025/extern/googletest/googletest/src/gtest_main.cc
Note: Google Test filter = DemeterTests.can_build_only_once_if_desired
[==========] Running 1 test from 1 test suite.
[----------] Global test environment set-up.
[----------] 1 test from DemeterTests
[ RUN      ] DemeterTests.can_build_only_once_if_desired
[       OK ] DemeterTests.can_build_only_once_if_desired (0 ms)
[----------] 1 test from DemeterTests (0 ms total)

[----------] Global test environment tear-down
[==========] 1 test from 1 test suite ran. (0 ms total)
[  PASSED  ] 1 test.
<end of output>
Test time =   0.00 sec
----------------------------------------------------------
Test Passed.
"DemeterTests.can_build_only_once_if_desired" end time: Mar 25 17:12 -03
"DemeterTests.can_build_only_once_if_desired" time elapsed: 00:00:00
----------------------------------------------------------

38/73 Testing: DemeterTests.can_build_twice_if_desired
38/73 Test: DemeterTests.can_build_twice_if_desired
Command: "/home/rafaelmeirelles/santoriniCpp2025/build/run_tests" "--gtest_filter=DemeterTests.can_build_twice_if_desired" "--gtest_also_run_disabled_tests"
Directory: /home/rafaelmeirelles/santoriniCpp2025/build
"DemeterTests.can_build_twice_if_desired" start time: Mar 25 17:12 -03
Output:
----------------------------------------------------------
Running main() from /home/rafaelmeirelles/santoriniCpp2025/extern/googletest/googletest/src/gtest_main.cc
Note: Google Test filter = DemeterTests.can_build_twice_if_desired
[==========] Running 1 test from 1 test suite.
[----------] Global test environment set-up.
[----------] 1 test from DemeterTests
[ RUN      ] DemeterTests.can_build_twice_if_desired
[       OK ] DemeterTests.can_build_twice_if_desired (0 ms)
[----------] 1 test from DemeterTests (0 ms total)

[----------] Global test environment tear-down
[==========] 1 test from 1 test suite ran. (0 ms total)
[  PASSED  ] 1 test.
<end of output>
Test time =   0.01 sec
----------------------------------------------------------
Test Passed.
"DemeterTests.can_build_twice_if_desired" end time: Mar 25 17:12 -03
"DemeterTests.can_build_twice_if_desired" time elapsed: 00:00:00
----------------------------------------------------------

39/73 Testing: HephaestusTests.cannot_build_twice_on_different_squares
39/73 Test: HephaestusTests.cannot_build_twice_on_different_squares
Command: "/home/rafaelmeirelles/santoriniCpp2025/build/run_tests" "--gtest_filter=HephaestusTests.cannot_build_twice_on_different_squares" "--gtest_also_run_disabled_tests"
Directory: /home/rafaelmeirelles/santoriniCpp2025/build
"HephaestusTests.cannot_build_twice_on_different_squares" start time: Mar 25 17:12 -03
Output:
----------------------------------------------------------
Running main() from /home/rafaelmeirelles/santoriniCpp2025/extern/googletest/googletest/src/gtest_main.cc
Note: Google Test filter = HephaestusTests.cannot_build_twice_on_different_squares
[==========] Running 1 test from 1 test suite.
[----------] Global test environment set-up.
[----------] 1 test from HephaestusTests
[ RUN      ] HephaestusTests.cannot_build_twice_on_different_squares
[       OK ] HephaestusTests.cannot_build_twice_on_different_squares (0 ms)
[----------] 1 test from HephaestusTests (0 ms total)

[----------] Global test environment tear-down
[==========] 1 test from 1 test suite ran. (0 ms total)
[  PASSED  ] 1 test.
<end of output>
Test time =   0.00 sec
----------------------------------------------------------
Test Passed.
"HephaestusTests.cannot_build_twice_on_different_squares" end time: Mar 25 17:12 -03
"HephaestusTests.cannot_build_twice_on_different_squares" time elapsed: 00:00:00
----------------------------------------------------------

40/73 Testing: HephaestusTests.can_build_only_once_if_desired
40/73 Test: HephaestusTests.can_build_only_once_if_desired
Command: "/home/rafaelmeirelles/santoriniCpp2025/build/run_tests" "--gtest_filter=HephaestusTests.can_build_only_once_if_desired" "--gtest_also_run_disabled_tests"
Directory: /home/rafaelmeirelles/santoriniCpp2025/build
"HephaestusTests.can_build_only_once_if_desired" start time: Mar 25 17:12 -03
Output:
----------------------------------------------------------
Running main() from /home/rafaelmeirelles/santoriniCpp2025/extern/googletest/googletest/src/gtest_main.cc
Note: Google Test filter = HephaestusTests.can_build_only_once_if_desired
[==========] Running 1 test from 1 test suite.
[----------] Global test environment set-up.
[----------] 1 test from HephaestusTests
[ RUN      ] HephaestusTests.can_build_only_once_if_desired
[       OK ] HephaestusTests.can_build_only_once_if_desired (0 ms)
[----------] 1 test from HephaestusTests (0 ms total)

[----------] Global test environment tear-down
[==========] 1 test from 1 test suite ran. (0 ms total)
[  PASSED  ] 1 test.
<end of output>
Test time =   0.00 sec
----------------------------------------------------------
Test Passed.
"HephaestusTests.can_build_only_once_if_desired" end time: Mar 25 17:12 -03
"HephaestusTests.can_build_only_once_if_desired" time elapsed: 00:00:00
----------------------------------------------------------

41/73 Testing: HephaestusTests.can_build_twice_if_desired
41/73 Test: HephaestusTests.can_build_twice_if_desired
Command: "/home/rafaelmeirelles/santoriniCpp2025/build/run_tests" "--gtest_filter=HephaestusTests.can_build_twice_if_desired" "--gtest_also_run_disabled_tests"
Directory: /home/rafaelmeirelles/santoriniCpp2025/build
"HephaestusTests.can_build_twice_if_desired" start time: Mar 25 17:12 -03
Output:
----------------------------------------------------------
Running main() from /home/rafaelmeirelles/santoriniCpp2025/extern/googletest/googletest/src/gtest_main.cc
Note: Google Test filter = HephaestusTests.can_build_twice_if_desired
[==========] Running 1 test from 1 test suite.
[----------] Global test environment set-up.
[----------] 1 test from HephaestusTests
[ RUN      ] HephaestusTests.can_build_twice_if_desired
[       OK ] HephaestusTests.can_build_twice_if_desired (0 ms)
[----------] 1 test from HephaestusTests (0 ms total)

[----------] Global test environment tear-down
[==========] 1 test from 1 test suite ran. (0 ms total)
[  PASSED  ] 1 test.
<end of output>
Test time =   0.00 sec
----------------------------------------------------------
Test Passed.
"HephaestusTests.can_build_twice_if_desired" end time: Mar 25 17:12 -03
"HephaestusTests.can_build_twice_if_desired" time elapsed: 00:00:00
----------------------------------------------------------

42/73 Testing: HephaestusTests.cannot_dome_on_second_build
42/73 Test: HephaestusTests.cannot_dome_on_second_build
Command: "/home/rafaelmeirelles/santoriniCpp2025/build/run_tests" "--gtest_filter=HephaestusTests.cannot_dome_on_second_build" "--gtest_also_run_disabled_tests"
Directory: /home/rafaelmeirelles/santoriniCpp2025/build
"HephaestusTests.cannot_dome_on_second_build" start time: Mar 25 17:12 -03
Output:
----------------------------------------------------------
Running main() from /home/rafaelmeirelles/santoriniCpp2025/extern/googletest/googletest/src/gtest_main.cc
Note: Google Test filter = HephaestusTests.cannot_dome_on_second_build
[==========] Running 1 test from 1 test suite.
[----------] Global test environment set-up.
[----------] 1 test from HephaestusTests
[ RUN      ] HephaestusTests.cannot_dome_on_second_build
[       OK ] HephaestusTests.cannot_dome_on_second_build (0 ms)
[----------] 1 test from HephaestusTests (0 ms total)

[----------] Global test environment tear-down
[==========] 1 test from 1 test suite ran. (0 ms total)
[  PASSED  ] 1 test.
<end of output>
Test time =   0.00 sec
----------------------------------------------------------
Test Passed.
"HephaestusTests.cannot_dome_on_second_build" end time: Mar 25 17:12 -03
"HephaestusTests.cannot_dome_on_second_build" time elapsed: 00:00:00
----------------------------------------------------------

43/73 Testing: HephaestusTests.can_dome_normally
43/73 Test: HephaestusTests.can_dome_normally
Command: "/home/rafaelmeirelles/santoriniCpp2025/build/run_tests" "--gtest_filter=HephaestusTests.can_dome_normally" "--gtest_also_run_disabled_tests"
Directory: /home/rafaelmeirelles/santoriniCpp2025/build
"HephaestusTests.can_dome_normally" start time: Mar 25 17:12 -03
Output:
----------------------------------------------------------
Running main() from /home/rafaelmeirelles/santoriniCpp2025/extern/googletest/googletest/src/gtest_main.cc
Note: Google Test filter = HephaestusTests.can_dome_normally
[==========] Running 1 test from 1 test suite.
[----------] Global test environment set-up.
[----------] 1 test from HephaestusTests
[ RUN      ] HephaestusTests.can_dome_normally
[       OK ] HephaestusTests.can_dome_normally (0 ms)
[----------] 1 test from HephaestusTests (0 ms total)

[----------] Global test environment tear-down
[==========] 1 test from 1 test suite ran. (0 ms total)
[  PASSED  ] 1 test.
<end of output>
Test time =   0.00 sec
----------------------------------------------------------
Test Passed.
"HephaestusTests.can_dome_normally" end time: Mar 25 17:12 -03
"HephaestusTests.can_dome_normally" time elapsed: 00:00:00
----------------------------------------------------------

44/73 Testing: HephaestusTests.misc
44/73 Test: HephaestusTests.misc
Command: "/home/rafaelmeirelles/santoriniCpp2025/build/run_tests" "--gtest_filter=HephaestusTests.misc" "--gtest_also_run_disabled_tests"
Directory: /home/rafaelmeirelles/santoriniCpp2025/build
"HephaestusTests.misc" start time: Mar 25 17:12 -03
Output:
----------------------------------------------------------
Running main() from /home/rafaelmeirelles/santoriniCpp2025/extern/googletest/googletest/src/gtest_main.cc
Note: Google Test filter = HephaestusTests.misc
[==========] Running 1 test from 1 test suite.
[----------] Global test environment set-up.
[----------] 1 test from HephaestusTests
[ RUN      ] HephaestusTests.misc
[       OK ] HephaestusTests.misc (0 ms)
[----------] 1 test from HephaestusTests (0 ms total)

[----------] Global test environment tear-down
[==========] 1 test from 1 test suite ran. (0 ms total)
[  PASSED  ] 1 test.
<end of output>
Test time =   0.00 sec
----------------------------------------------------------
Test Passed.
"HephaestusTests.misc" end time: Mar 25 17:12 -03
"HephaestusTests.misc" time elapsed: 00:00:00
----------------------------------------------------------

45/73 Testing: HermesTests.can_survive_by_standing_still
45/73 Test: HermesTests.can_survive_by_standing_still
Command: "/home/rafaelmeirelles/santoriniCpp2025/build/run_tests" "--gtest_filter=HermesTests.can_survive_by_standing_still" "--gtest_also_run_disabled_tests"
Directory: /home/rafaelmeirelles/santoriniCpp2025/build
"HermesTests.can_survive_by_standing_still" start time: Mar 25 17:12 -03
Output:
----------------------------------------------------------
Running main() from /home/rafaelmeirelles/santoriniCpp2025/extern/googletest/googletest/src/gtest_main.cc
Note: Google Test filter = HermesTests.can_survive_by_standing_still
[==========] Running 1 test from 1 test suite.
[----------] Global test environment set-up.
[----------] 1 test from HermesTests
[ RUN      ] HermesTests.can_survive_by_standing_still
[       OK ] HermesTests.can_survive_by_standing_still (0 ms)
[----------] 1 test from HermesTests (0 ms total)

[----------] Global test environment tear-down
[==========] 1 test from 1 test suite ran. (0 ms total)
[  PASSED  ] 1 test.
<end of output>
Test time =   0.01 sec
----------------------------------------------------------
Test Passed.
"HermesTests.can_survive_by_standing_still" end time: Mar 25 17:12 -03
"HermesTests.can_survive_by_standing_still" time elapsed: 00:00:00
----------------------------------------------------------

46/73 Testing: HermesTests.cannot_move_up_while_using_power
46/73 Test: HermesTests.cannot_move_up_while_using_power
Command: "/home/rafaelmeirelles/santoriniCpp2025/build/run_tests" "--gtest_filter=HermesTests.cannot_move_up_while_using_power" "--gtest_also_run_disabled_tests"
Directory: /home/rafaelmeirelles/santoriniCpp2025/build
"HermesTests.cannot_move_up_while_using_power" start time: Mar 25 17:12 -03
Output:
----------------------------------------------------------
Running main() from /home/rafaelmeirelles/santoriniCpp2025/extern/googletest/googletest/src/gtest_main.cc
Note: Google Test filter = HermesTests.cannot_move_up_while_using_power
[==========] Running 1 test from 1 test suite.
[----------] Global test environment set-up.
[----------] 1 test from HermesTests
[ RUN      ] HermesTests.cannot_move_up_while_using_power
[       OK ] HermesTests.cannot_move_up_while_using_power (0 ms)
[----------] 1 test from HermesTests (0 ms total)

[----------] Global test environment tear-down
[==========] 1 test from 1 test suite ran. (0 ms total)
[  PASSED  ] 1 test.
<end of output>
Test time =   0.00 sec
----------------------------------------------------------
Test Passed.
"HermesTests.cannot_move_up_while_using_power" end time: Mar 25 17:12 -03
"HermesTests.cannot_move_up_while_using_power" time elapsed: 00:00:00
----------------------------------------------------------

47/73 Testing: HermesTests.can_move_on_h1
47/73 Test: HermesTests.can_move_on_h1
Command: "/home/rafaelmeirelles/santoriniCpp2025/build/run_tests" "--gtest_filter=HermesTests.can_move_on_h1" "--gtest_also_run_disabled_tests"
Directory: /home/rafaelmeirelles/santoriniCpp2025/build
"HermesTests.can_move_on_h1" start time: Mar 25 17:12 -03
Output:
----------------------------------------------------------
Running main() from /home/rafaelmeirelles/santoriniCpp2025/extern/googletest/googletest/src/gtest_main.cc
Note: Google Test filter = HermesTests.can_move_on_h1
[==========] Running 1 test from 1 test suite.
[----------] Global test environment set-up.
[----------] 1 test from HermesTests
[ RUN      ] HermesTests.can_move_on_h1
[       OK ] HermesTests.can_move_on_h1 (0 ms)
[----------] 1 test from HermesTests (0 ms total)

[----------] Global test environment tear-down
[==========] 1 test from 1 test suite ran. (0 ms total)
[  PASSED  ] 1 test.
<end of output>
Test time =   0.00 sec
----------------------------------------------------------
Test Passed.
"HermesTests.can_move_on_h1" end time: Mar 25 17:12 -03
"HermesTests.can_move_on_h1" time elapsed: 00:00:00
----------------------------------------------------------

48/73 Testing: HermesTests.not_dead_on_h1
48/73 Test: HermesTests.not_dead_on_h1
Command: "/home/rafaelmeirelles/santoriniCpp2025/build/run_tests" "--gtest_filter=HermesTests.not_dead_on_h1" "--gtest_also_run_disabled_tests"
Directory: /home/rafaelmeirelles/santoriniCpp2025/build
"HermesTests.not_dead_on_h1" start time: Mar 25 17:12 -03
Output:
----------------------------------------------------------
Running main() from /home/rafaelmeirelles/santoriniCpp2025/extern/googletest/googletest/src/gtest_main.cc
Note: Google Test filter = HermesTests.not_dead_on_h1
[==========] Running 1 test from 1 test suite.
[----------] Global test environment set-up.
[----------] 1 test from HermesTests
[ RUN      ] HermesTests.not_dead_on_h1
[       OK ] HermesTests.not_dead_on_h1 (0 ms)
[----------] 1 test from HermesTests (0 ms total)

[----------] Global test environment tear-down
[==========] 1 test from 1 test suite ran. (0 ms total)
[  PASSED  ] 1 test.
<end of output>
Test time =   0.00 sec
----------------------------------------------------------
Test Passed.
"HermesTests.not_dead_on_h1" end time: Mar 25 17:12 -03
"HermesTests.not_dead_on_h1" time elapsed: 00:00:00
----------------------------------------------------------

49/73 Testing: HermesTests.to_text_for_stand_still_move
49/73 Test: HermesTests.to_text_for_stand_still_move
Command: "/home/rafaelmeirelles/santoriniCpp2025/build/run_tests" "--gtest_filter=HermesTests.to_text_for_stand_still_move" "--gtest_also_run_disabled_tests"
Directory: /home/rafaelmeirelles/santoriniCpp2025/build
"HermesTests.to_text_for_stand_still_move" start time: Mar 25 17:12 -03
Output:
----------------------------------------------------------
Running main() from /home/rafaelmeirelles/santoriniCpp2025/extern/googletest/googletest/src/gtest_main.cc
Note: Google Test filter = HermesTests.to_text_for_stand_still_move
[==========] Running 1 test from 1 test suite.
[----------] Global test environment set-up.
[----------] 1 test from HermesTests
[ RUN      ] HermesTests.to_text_for_stand_still_move
[       OK ] HermesTests.to_text_for_stand_still_move (0 ms)
[----------] 1 test from HermesTests (0 ms total)

[----------] Global test environment tear-down
[==========] 1 test from 1 test suite ran. (0 ms total)
[  PASSED  ] 1 test.
<end of output>
Test time =   0.00 sec
----------------------------------------------------------
Test Passed.
"HermesTests.to_text_for_stand_still_move" end time: Mar 25 17:12 -03
"HermesTests.to_text_for_stand_still_move" time elapsed: 00:00:00
----------------------------------------------------------

50/73 Testing: MinotaurTests.can_only_push_where_you_can_move
50/73 Test: MinotaurTests.can_only_push_where_you_can_move
Command: "/home/rafaelmeirelles/santoriniCpp2025/build/run_tests" "--gtest_filter=MinotaurTests.can_only_push_where_you_can_move" "--gtest_also_run_disabled_tests"
Directory: /home/rafaelmeirelles/santoriniCpp2025/build
"MinotaurTests.can_only_push_where_you_can_move" start time: Mar 25 17:12 -03
Output:
----------------------------------------------------------
Running main() from /home/rafaelmeirelles/santoriniCpp2025/extern/googletest/googletest/src/gtest_main.cc
Note: Google Test filter = MinotaurTests.can_only_push_where_you_can_move
[==========] Running 1 test from 1 test suite.
[----------] Global test environment set-up.
[----------] 1 test from MinotaurTests
[ RUN      ] MinotaurTests.can_only_push_where_you_can_move
[       OK ] MinotaurTests.can_only_push_where_you_can_move (0 ms)
[----------] 1 test from MinotaurTests (0 ms total)

[----------] Global test environment tear-down
[==========] 1 test from 1 test suite ran. (0 ms total)
[  PASSED  ] 1 test.
<end of output>
Test time =   0.00 sec
----------------------------------------------------------
Test Passed.
"MinotaurTests.can_only_push_where_you_can_move" end time: Mar 25 17:12 -03
"MinotaurTests.can_only_push_where_you_can_move" time elapsed: 00:00:00
----------------------------------------------------------

51/73 Testing: MinotaurTests.cannot_push_off_edge
51/73 Test: MinotaurTests.cannot_push_off_edge
Command: "/home/rafaelmeirelles/santoriniCpp2025/build/run_tests" "--gtest_filter=MinotaurTests.cannot_push_off_edge" "--gtest_also_run_disabled_tests"
Directory: /home/rafaelmeirelles/santoriniCpp2025/build
"MinotaurTests.cannot_push_off_edge" start time: Mar 25 17:12 -03
Output:
----------------------------------------------------------
Running main() from /home/rafaelmeirelles/santoriniCpp2025/extern/googletest/googletest/src/gtest_main.cc
Note: Google Test filter = MinotaurTests.cannot_push_off_edge
[==========] Running 1 test from 1 test suite.
[----------] Global test environment set-up.
[----------] 1 test from MinotaurTests
[ RUN      ] MinotaurTests.cannot_push_off_edge
[       OK ] MinotaurTests.cannot_push_off_edge (0 ms)
[----------] 1 test from MinotaurTests (0 ms total)

[----------] Global test environment tear-down
[==========] 1 test from 1 test suite ran. (0 ms total)
[  PASSED  ] 1 test.
<end of output>
Test time =   0.00 sec
----------------------------------------------------------
Test Passed.
"MinotaurTests.cannot_push_off_edge" end time: Mar 25 17:12 -03
"MinotaurTests.cannot_push_off_edge" time elapsed: 00:00:00
----------------------------------------------------------

52/73 Testing: MinotaurTests.cannot_build_where_you_push
52/73 Test: MinotaurTests.cannot_build_where_you_push
Command: "/home/rafaelmeirelles/santoriniCpp2025/build/run_tests" "--gtest_filter=MinotaurTests.cannot_build_where_you_push" "--gtest_also_run_disabled_tests"
Directory: /home/rafaelmeirelles/santoriniCpp2025/build
"MinotaurTests.cannot_build_where_you_push" start time: Mar 25 17:12 -03
Output:
----------------------------------------------------------
Running main() from /home/rafaelmeirelles/santoriniCpp2025/extern/googletest/googletest/src/gtest_main.cc
Note: Google Test filter = MinotaurTests.cannot_build_where_you_push
[==========] Running 1 test from 1 test suite.
[----------] Global test environment set-up.
[----------] 1 test from MinotaurTests
[ RUN      ] MinotaurTests.cannot_build_where_you_push
[       OK ] MinotaurTests.cannot_build_where_you_push (0 ms)
[----------] 1 test from MinotaurTests (0 ms total)

[----------] Global test environment tear-down
[==========] 1 test from 1 test suite ran. (0 ms total)
[  PASSED  ] 1 test.
<end of output>
Test time =   0.00 sec
----------------------------------------------------------
Test Passed.
"MinotaurTests.cannot_build_where_you_push" end time: Mar 25 17:12 -03
"MinotaurTests.cannot_build_where_you_push" time elapsed: 00:00:00
----------------------------------------------------------

53/73 Testing: MinotaurTests.push_to_3_doesnt_win
53/73 Test: MinotaurTests.push_to_3_doesnt_win
Command: "/home/rafaelmeirelles/santoriniCpp2025/build/run_tests" "--gtest_filter=MinotaurTests.push_to_3_doesnt_win" "--gtest_also_run_disabled_tests"
Directory: /home/rafaelmeirelles/santoriniCpp2025/build
"MinotaurTests.push_to_3_doesnt_win" start time: Mar 25 17:12 -03
Output:
----------------------------------------------------------
Running main() from /home/rafaelmeirelles/santoriniCpp2025/extern/googletest/googletest/src/gtest_main.cc
Note: Google Test filter = MinotaurTests.push_to_3_doesnt_win
[==========] Running 1 test from 1 test suite.
[----------] Global test environment set-up.
[----------] 1 test from MinotaurTests
[ RUN      ] MinotaurTests.push_to_3_doesnt_win
[       OK ] MinotaurTests.push_to_3_doesnt_win (0 ms)
[----------] 1 test from MinotaurTests (0 ms total)

[----------] Global test environment tear-down
[==========] 1 test from 1 test suite ran. (0 ms total)
[  PASSED  ] 1 test.
<end of output>
Test time =   0.01 sec
----------------------------------------------------------
Test Passed.
"MinotaurTests.push_to_3_doesnt_win" end time: Mar 25 17:12 -03
"MinotaurTests.push_to_3_doesnt_win" time elapsed: 00:00:00
----------------------------------------------------------

54/73 Testing: PanTests.pan_win_by_moving_down_two
54/73 Test: PanTests.pan_win_by_moving_down_two
Command: "/home/rafaelmeirelles/santoriniCpp2025/build/run_tests" "--gtest_filter=PanTests.pan_win_by_moving_down_two" "--gtest_also_run_disabled_tests"
Directory: /home/rafaelmeirelles/santoriniCpp2025/build
"PanTests.pan_win_by_moving_down_two" start time: Mar 25 17:12 -03
Output:
----------------------------------------------------------
Running main() from /home/rafaelmeirelles/santoriniCpp2025/extern/googletest/googletest/src/gtest_main.cc
Note: Google Test filter = PanTests.pan_win_by_moving_down_two
[==========] Running 1 test from 1 test suite.
[----------] Global test environment set-up.
[----------] 1 test from PanTests
[ RUN      ] PanTests.pan_win_by_moving_down_two
[       OK ] PanTests.pan_win_by_moving_down_two (0 ms)
[----------] 1 test from PanTests (0 ms total)

[----------] Global test environment tear-down
[==========] 1 test from 1 test suite ran. (0 ms total)
[  PASSED  ] 1 test.
<end of output>
Test time =   0.00 sec
----------------------------------------------------------
Test Passed.
"PanTests.pan_win_by_moving_down_two" end time: Mar 25 17:12 -03
"PanTests.pan_win_by_moving_down_two" time elapsed: 00:00:00
----------------------------------------------------------

55/73 Testing: PrometheusTests.can_move_normally_if_you_want
55/73 Test: PrometheusTests.can_move_normally_if_you_want
Command: "/home/rafaelmeirelles/santoriniCpp2025/build/run_tests" "--gtest_filter=PrometheusTests.can_move_normally_if_you_want" "--gtest_also_run_disabled_tests"
Directory: /home/rafaelmeirelles/santoriniCpp2025/build
"PrometheusTests.can_move_normally_if_you_want" start time: Mar 25 17:12 -03
Output:
----------------------------------------------------------
Running main() from /home/rafaelmeirelles/santoriniCpp2025/extern/googletest/googletest/src/gtest_main.cc
Note: Google Test filter = PrometheusTests.can_move_normally_if_you_want
[==========] Running 1 test from 1 test suite.
[----------] Global test environment set-up.
[----------] 1 test from PrometheusTests
[ RUN      ] PrometheusTests.can_move_normally_if_you_want
[       OK ] PrometheusTests.can_move_normally_if_you_want (0 ms)
[----------] 1 test from PrometheusTests (0 ms total)

[----------] Global test environment tear-down
[==========] 1 test from 1 test suite ran. (0 ms total)
[  PASSED  ] 1 test.
<end of output>
Test time =   0.00 sec
----------------------------------------------------------
Test Passed.
"PrometheusTests.can_move_normally_if_you_want" end time: Mar 25 17:12 -03
"PrometheusTests.can_move_normally_if_you_want" time elapsed: 00:00:00
----------------------------------------------------------

56/73 Testing: PrometheusTests.second_build_must_be_before_moving
56/73 Test: PrometheusTests.second_build_must_be_before_moving
Command: "/home/rafaelmeirelles/santoriniCpp2025/build/run_tests" "--gtest_filter=PrometheusTests.second_build_must_be_before_moving" "--gtest_also_run_disabled_tests"
Directory: /home/rafaelmeirelles/santoriniCpp2025/build
"PrometheusTests.second_build_must_be_before_moving" start time: Mar 25 17:12 -03
Output:
----------------------------------------------------------
Running main() from /home/rafaelmeirelles/santoriniCpp2025/extern/googletest/googletest/src/gtest_main.cc
Note: Google Test filter = PrometheusTests.second_build_must_be_before_moving
[==========] Running 1 test from 1 test suite.
[----------] Global test environment set-up.
[----------] 1 test from PrometheusTests
[ RUN      ] PrometheusTests.second_build_must_be_before_moving
[       OK ] PrometheusTests.second_build_must_be_before_moving (0 ms)
[----------] 1 test from PrometheusTests (0 ms total)

[----------] Global test environment tear-down
[==========] 1 test from 1 test suite ran. (0 ms total)
[  PASSED  ] 1 test.
<end of output>
Test time =   0.01 sec
----------------------------------------------------------
Test Passed.
"PrometheusTests.second_build_must_be_before_moving" end time: Mar 25 17:12 -03
"PrometheusTests.second_build_must_be_before_moving" time elapsed: 00:00:00
----------------------------------------------------------

57/73 Testing: PrometheusTests.cannot_move_up_if_built_before_moving
57/73 Test: PrometheusTests.cannot_move_up_if_built_before_moving
Command: "/home/rafaelmeirelles/santoriniCpp2025/build/run_tests" "--gtest_filter=PrometheusTests.cannot_move_up_if_built_before_moving" "--gtest_also_run_disabled_tests"
Directory: /home/rafaelmeirelles/santoriniCpp2025/build
"PrometheusTests.cannot_move_up_if_built_before_moving" start time: Mar 25 17:12 -03
Output:
----------------------------------------------------------
Running main() from /home/rafaelmeirelles/santoriniCpp2025/extern/googletest/googletest/src/gtest_main.cc
Note: Google Test filter = PrometheusTests.cannot_move_up_if_built_before_moving
[==========] Running 1 test from 1 test suite.
[----------] Global test environment set-up.
[----------] 1 test from PrometheusTests
[ RUN      ] PrometheusTests.cannot_move_up_if_built_before_moving
[       OK ] PrometheusTests.cannot_move_up_if_built_before_moving (0 ms)
[----------] 1 test from PrometheusTests (0 ms total)

[----------] Global test environment tear-down
[==========] 1 test from 1 test suite ran. (0 ms total)
[  PASSED  ] 1 test.
<end of output>
Test time =   0.00 sec
----------------------------------------------------------
Test Passed.
"PrometheusTests.cannot_move_up_if_built_before_moving" end time: Mar 25 17:12 -03
"PrometheusTests.cannot_move_up_if_built_before_moving" time elapsed: 00:00:00
----------------------------------------------------------

58/73 Testing: PrometheusTests.cannot_move_up_to_newly_built
58/73 Test: PrometheusTests.cannot_move_up_to_newly_built
Command: "/home/rafaelmeirelles/santoriniCpp2025/build/run_tests" "--gtest_filter=PrometheusTests.cannot_move_up_to_newly_built" "--gtest_also_run_disabled_tests"
Directory: /home/rafaelmeirelles/santoriniCpp2025/build
"PrometheusTests.cannot_move_up_to_newly_built" start time: Mar 25 17:12 -03
Output:
----------------------------------------------------------
Running main() from /home/rafaelmeirelles/santoriniCpp2025/extern/googletest/googletest/src/gtest_main.cc
Note: Google Test filter = PrometheusTests.cannot_move_up_to_newly_built
[==========] Running 1 test from 1 test suite.
[----------] Global test environment set-up.
[----------] 1 test from PrometheusTests
[ RUN      ] PrometheusTests.cannot_move_up_to_newly_built
[       OK ] PrometheusTests.cannot_move_up_to_newly_built (0 ms)
[----------] 1 test from PrometheusTests (0 ms total)

[----------] Global test environment tear-down
[==========] 1 test from 1 test suite ran. (0 ms total)
[  PASSED  ] 1 test.
<end of output>
Test time =   0.00 sec
----------------------------------------------------------
Test Passed.
"PrometheusTests.cannot_move_up_to_newly_built" end time: Mar 25 17:12 -03
"PrometheusTests.cannot_move_up_to_newly_built" time elapsed: 00:00:00
----------------------------------------------------------

59/73 Testing: PrometheusTests.cannot_build_twice_on_height_3
59/73 Test: PrometheusTests.cannot_build_twice_on_height_3
Command: "/home/rafaelmeirelles/santoriniCpp2025/build/run_tests" "--gtest_filter=PrometheusTests.cannot_build_twice_on_height_3" "--gtest_also_run_disabled_tests"
Directory: /home/rafaelmeirelles/santoriniCpp2025/build
"PrometheusTests.cannot_build_twice_on_height_3" start time: Mar 25 17:12 -03
Output:
----------------------------------------------------------
Running main() from /home/rafaelmeirelles/santoriniCpp2025/extern/googletest/googletest/src/gtest_main.cc
Note: Google Test filter = PrometheusTests.cannot_build_twice_on_height_3
[==========] Running 1 test from 1 test suite.
[----------] Global test environment set-up.
[----------] 1 test from PrometheusTests
[ RUN      ] PrometheusTests.cannot_build_twice_on_height_3
[       OK ] PrometheusTests.cannot_build_twice_on_height_3 (0 ms)
[----------] 1 test from PrometheusTests (0 ms total)

[----------] Global test environment tear-down
[==========] 1 test from 1 test suite ran. (0 ms total)
[  PASSED  ] 1 test.
<end of output>
Test time =   0.00 sec
----------------------------------------------------------
Test Passed.
"PrometheusTests.cannot_build_twice_on_height_3" end time: Mar 25 17:12 -03
"PrometheusTests.cannot_build_twice_on_height_3" time elapsed: 00:00:00
----------------------------------------------------------

60/73 Testing: FullUnmakeMoveTests.MakeUnmakeRestoresBoardStateAndHash
60/73 Test: FullUnmakeMoveTests.MakeUnmakeRestoresBoardStateAndHash
Command: "/home/rafaelmeirelles/santoriniCpp2025/build/run_tests" "--gtest_filter=FullUnmakeMoveTests.MakeUnmakeRestoresBoardStateAndHash" "--gtest_also_run_disabled_tests"
Directory: /home/rafaelmeirelles/santoriniCpp2025/build
"FullUnmakeMoveTests.MakeUnmakeRestoresBoardStateAndHash" start time: Mar 25 17:12 -03
Output:
----------------------------------------------------------
Running main() from /home/rafaelmeirelles/santoriniCpp2025/extern/googletest/googletest/src/gtest_main.cc
Note: Google Test filter = FullUnmakeMoveTests.MakeUnmakeRestoresBoardStateAndHash
[==========] Running 1 test from 1 test suite.
[----------] Global test environment set-up.
[----------] 1 test from FullUnmakeMoveTests
[ RUN      ] FullUnmakeMoveTests.MakeUnmakeRestoresBoardStateAndHash
[       OK ] FullUnmakeMoveTests.MakeUnmakeRestoresBoardStateAndHash (112 ms)
[----------] 1 test from FullUnmakeMoveTests (112 ms total)

[----------] Global test environment tear-down
[==========] 1 test from 1 test suite ran. (112 ms total)
[  PASSED  ] 1 test.
<end of output>
Test time =   0.12 sec
----------------------------------------------------------
Test Passed.
"FullUnmakeMoveTests.MakeUnmakeRestoresBoardStateAndHash" end time: Mar 25 17:12 -03
"FullUnmakeMoveTests.MakeUnmakeRestoresBoardStateAndHash" time elapsed: 00:00:00
----------------------------------------------------------

61/73 Testing: TranspositionTableTest.ProbeExactScore
61/73 Test: TranspositionTableTest.ProbeExactScore
Command: "/home/rafaelmeirelles/santoriniCpp2025/build/run_tests" "--gtest_filter=TranspositionTableTest.ProbeExactScore" "--gtest_also_run_disabled_tests"
Directory: /home/rafaelmeirelles/santoriniCpp2025/build
"TranspositionTableTest.ProbeExactScore" start time: Mar 25 17:12 -03
Output:
----------------------------------------------------------
Running main() from /home/rafaelmeirelles/santoriniCpp2025/extern/googletest/googletest/src/gtest_main.cc
Note: Google Test filter = TranspositionTableTest.ProbeExactScore
[==========] Running 1 test from 1 test suite.
[----------] Global test environment set-up.
[----------] 1 test from TranspositionTableTest
[ RUN      ] TranspositionTableTest.ProbeExactScore
[       OK ] TranspositionTableTest.ProbeExactScore (3 ms)
[----------] 1 test from TranspositionTableTest (3 ms total)

[----------] Global test environment tear-down
[==========] 1 test from 1 test suite ran. (3 ms total)
[  PASSED  ] 1 test.
<end of output>
Test time =   0.01 sec
----------------------------------------------------------
Test Passed.
"TranspositionTableTest.ProbeExactScore" end time: Mar 25 17:12 -03
"TranspositionTableTest.ProbeExactScore" time elapsed: 00:00:00
----------------------------------------------------------

62/73 Testing: TranspositionTableTest.ProbeBetaCutoff
62/73 Test: TranspositionTableTest.ProbeBetaCutoff
Command: "/home/rafaelmeirelles/santoriniCpp2025/build/run_tests" "--gtest_filter=TranspositionTableTest.ProbeBetaCutoff" "--gtest_also_run_disabled_tests"
Directory: /home/rafaelmeirelles/santoriniCpp2025/build
"TranspositionTableTest.ProbeBetaCutoff" start time: Mar 25 17:12 -03
Output:
----------------------------------------------------------
Running main() from /home/rafaelmeirelles/santoriniCpp2025/extern/googletest/googletest/src/gtest_main.cc
Note: Google Test filter = TranspositionTableTest.ProbeBetaCutoff
[==========] Running 1 test from 1 test suite.
[----------] Global test environment set-up.
[----------] 1 test from TranspositionTableTest
[ RUN      ] TranspositionTableTest.ProbeBetaCutoff
[       OK ] TranspositionTableTest.ProbeBetaCutoff (3 ms)
[----------] 1 test from TranspositionTableTest (3 ms total)

[----------] Global test environment tear-down
[==========] 1 test from 1 test suite ran. (3 ms total)
[  PASSED  ] 1 test.
<end of output>
Test time =   0.01 sec
----------------------------------------------------------
Test Passed.
"TranspositionTableTest.ProbeBetaCutoff" end time: Mar 25 17:12 -03
"TranspositionTableTest.ProbeBetaCutoff" time elapsed: 00:00:00
----------------------------------------------------------

63/73 Testing: TranspositionTableTest.ProbeAlphaCutoff
63/73 Test: TranspositionTableTest.ProbeAlphaCutoff
Command: "/home/rafaelmeirelles/santoriniCpp2025/build/run_tests" "--gtest_filter=TranspositionTableTest.ProbeAlphaCutoff" "--gtest_also_run_disabled_tests"
Directory: /home/rafaelmeirelles/santoriniCpp2025/build
"TranspositionTableTest.ProbeAlphaCutoff" start time: Mar 25 17:12 -03
Output:
----------------------------------------------------------
Running main() from /home/rafaelmeirelles/santoriniCpp2025/extern/googletest/googletest/src/gtest_main.cc
Note: Google Test filter = TranspositionTableTest.ProbeAlphaCutoff
[==========] Running 1 test from 1 test suite.
[----------] Global test environment set-up.
[----------] 1 test from TranspositionTableTest
[ RUN      ] TranspositionTableTest.ProbeAlphaCutoff
[       OK ] TranspositionTableTest.ProbeAlphaCutoff (3 ms)
[----------] 1 test from TranspositionTableTest (3 ms total)

[----------] Global test environment tear-down
[==========] 1 test from 1 test suite ran. (3 ms total)
[  PASSED  ] 1 test.
<end of output>
Test time =   0.01 sec
----------------------------------------------------------
Test Passed.
"TranspositionTableTest.ProbeAlphaCutoff" end time: Mar 25 17:12 -03
"TranspositionTableTest.ProbeAlphaCutoff" time elapsed: 00:00:00
----------------------------------------------------------

64/73 Testing: TranspositionTableTest.ProbeInsufficientDepth
64/73 Test: TranspositionTableTest.ProbeInsufficientDepth
Command: "/home/rafaelmeirelles/santoriniCpp2025/build/run_tests" "--gtest_filter=TranspositionTableTest.ProbeInsufficientDepth" "--gtest_also_run_disabled_tests"
Directory: /home/rafaelmeirelles/santoriniCpp2025/build
"TranspositionTableTest.ProbeInsufficientDepth" start time: Mar 25 17:12 -03
Output:
----------------------------------------------------------
Running main() from /home/rafaelmeirelles/santoriniCpp2025/extern/googletest/googletest/src/gtest_main.cc
Note: Google Test filter = TranspositionTableTest.ProbeInsufficientDepth
[==========] Running 1 test from 1 test suite.
[----------] Global test environment set-up.
[----------] 1 test from TranspositionTableTest
[ RUN      ] TranspositionTableTest.ProbeInsufficientDepth
[       OK ] TranspositionTableTest.ProbeInsufficientDepth (3 ms)
[----------] 1 test from TranspositionTableTest (3 ms total)

[----------] Global test environment tear-down
[==========] 1 test from 1 test suite ran. (3 ms total)
[  PASSED  ] 1 test.
<end of output>
Test time =   0.01 sec
----------------------------------------------------------
Test Passed.
"TranspositionTableTest.ProbeInsufficientDepth" end time: Mar 25 17:12 -03
"TranspositionTableTest.ProbeInsufficientDepth" time elapsed: 00:00:00
----------------------------------------------------------

65/73 Testing: TranspositionTableTest.ClearTable
65/73 Test: TranspositionTableTest.ClearTable
Command: "/home/rafaelmeirelles/santoriniCpp2025/build/run_tests" "--gtest_filter=TranspositionTableTest.ClearTable" "--gtest_also_run_disabled_tests"
Directory: /home/rafaelmeirelles/santoriniCpp2025/build
"TranspositionTableTest.ClearTable" start time: Mar 25 17:12 -03
Output:
----------------------------------------------------------
Running main() from /home/rafaelmeirelles/santoriniCpp2025/extern/googletest/googletest/src/gtest_main.cc
Note: Google Test filter = TranspositionTableTest.ClearTable
[==========] Running 1 test from 1 test suite.
[----------] Global test environment set-up.
[----------] 1 test from TranspositionTableTest
[ RUN      ] TranspositionTableTest.ClearTable
[       OK ] TranspositionTableTest.ClearTable (4 ms)
[----------] 1 test from TranspositionTableTest (4 ms total)

[----------] Global test environment tear-down
[==========] 1 test from 1 test suite ran. (4 ms total)
[  PASSED  ] 1 test.
<end of output>
Test time =   0.01 sec
----------------------------------------------------------
Test Passed.
"TranspositionTableTest.ClearTable" end time: Mar 25 17:12 -03
"TranspositionTableTest.ClearTable" time elapsed: 00:00:00
----------------------------------------------------------

66/73 Testing: TranspositionTableTest.ProbePVMove
66/73 Test: TranspositionTableTest.ProbePVMove
Command: "/home/rafaelmeirelles/santoriniCpp2025/build/run_tests" "--gtest_filter=TranspositionTableTest.ProbePVMove" "--gtest_also_run_disabled_tests"
Directory: /home/rafaelmeirelles/santoriniCpp2025/build
"TranspositionTableTest.ProbePVMove" start time: Mar 25 17:12 -03
Output:
----------------------------------------------------------
Running main() from /home/rafaelmeirelles/santoriniCpp2025/extern/googletest/googletest/src/gtest_main.cc
Note: Google Test filter = TranspositionTableTest.ProbePVMove
[==========] Running 1 test from 1 test suite.
[----------] Global test environment set-up.
[----------] 1 test from TranspositionTableTest
[ RUN      ] TranspositionTableTest.ProbePVMove
[       OK ] TranspositionTableTest.ProbePVMove (3 ms)
[----------] 1 test from TranspositionTableTest (3 ms total)

[----------] Global test environment tear-down
[==========] 1 test from 1 test suite ran. (3 ms total)
[  PASSED  ] 1 test.
<end of output>
Test time =   0.01 sec
----------------------------------------------------------
Test Passed.
"TranspositionTableTest.ProbePVMove" end time: Mar 25 17:12 -03
"TranspositionTableTest.ProbePVMove" time elapsed: 00:00:00
----------------------------------------------------------

67/73 Testing: TranspositionTableTest.ProbePVLine
67/73 Test: TranspositionTableTest.ProbePVLine
Command: "/home/rafaelmeirelles/santoriniCpp2025/build/run_tests" "--gtest_filter=TranspositionTableTest.ProbePVLine" "--gtest_also_run_disabled_tests"
Directory: /home/rafaelmeirelles/santoriniCpp2025/build
"TranspositionTableTest.ProbePVLine" start time: Mar 25 17:12 -03
Output:
----------------------------------------------------------
Running main() from /home/rafaelmeirelles/santoriniCpp2025/extern/googletest/googletest/src/gtest_main.cc
Note: Google Test filter = TranspositionTableTest.ProbePVLine
[==========] Running 1 test from 1 test suite.
[----------] Global test environment set-up.
[----------] 1 test from TranspositionTableTest
[ RUN      ] TranspositionTableTest.ProbePVLine
[       OK ] TranspositionTableTest.ProbePVLine (3 ms)
[----------] 1 test from TranspositionTableTest (3 ms total)

[----------] Global test environment tear-down
[==========] 1 test from 1 test suite ran. (3 ms total)
[  PASSED  ] 1 test.
<end of output>
Test time =   0.01 sec
----------------------------------------------------------
Test Passed.
"TranspositionTableTest.ProbePVLine" end time: Mar 25 17:12 -03
"TranspositionTableTest.ProbePVLine" time elapsed: 00:00:00
----------------------------------------------------------

68/73 Testing: TestEvaluation.HeightAdvantage
68/73 Test: TestEvaluation.HeightAdvantage
Command: "/home/rafaelmeirelles/santoriniCpp2025/build/run_tests" "--gtest_filter=TestEvaluation.HeightAdvantage" "--gtest_also_run_disabled_tests"
Directory: /home/rafaelmeirelles/santoriniCpp2025/build
"TestEvaluation.HeightAdvantage" start time: Mar 25 17:12 -03
Output:
----------------------------------------------------------
Running main() from /home/rafaelmeirelles/santoriniCpp2025/extern/googletest/googletest/src/gtest_main.cc
Note: Google Test filter = TestEvaluation.HeightAdvantage
[==========] Running 1 test from 1 test suite.
[----------] Global test environment set-up.
[----------] 1 test from TestEvaluation
[ RUN      ] TestEvaluation.HeightAdvantage
[       OK ] TestEvaluation.HeightAdvantage (0 ms)
[----------] 1 test from TestEvaluation (0 ms total)

[----------] Global test environment tear-down
[==========] 1 test from 1 test suite ran. (0 ms total)
[  PASSED  ] 1 test.
<end of output>
Test time =   0.00 sec
----------------------------------------------------------
Test Passed.
"TestEvaluation.HeightAdvantage" end time: Mar 25 17:12 -03
"TestEvaluation.HeightAdvantage" time elapsed: 00:00:00
----------------------------------------------------------

69/73 Testing: TestEvaluation.CentralityAdvantage
69/73 Test: TestEvaluation.CentralityAdvantage
Command: "/home/rafaelmeirelles/santoriniCpp2025/build/run_tests" "--gtest_filter=TestEvaluation.CentralityAdvantage" "--gtest_also_run_disabled_tests"
Directory: /home/rafaelmeirelles/santoriniCpp2025/build
"TestEvaluation.CentralityAdvantage" start time: Mar 25 17:12 -03
Output:
----------------------------------------------------------
Running main() from /home/rafaelmeirelles/santoriniCpp2025/extern/googletest/googletest/src/gtest_main.cc
Note: Google Test filter = TestEvaluation.CentralityAdvantage
[==========] Running 1 test from 1 test suite.
[----------] Global test environment set-up.
[----------] 1 test from TestEvaluation
[ RUN      ] TestEvaluation.CentralityAdvantage
[       OK ] TestEvaluation.CentralityAdvantage (0 ms)
[----------] 1 test from TestEvaluation (0 ms total)

[----------] Global test environment tear-down
[==========] 1 test from 1 test suite ran. (0 ms total)
[  PASSED  ] 1 test.
<end of output>
Test time =   0.00 sec
----------------------------------------------------------
Test Passed.
"TestEvaluation.CentralityAdvantage" end time: Mar 25 17:12 -03
"TestEvaluation.CentralityAdvantage" time elapsed: 00:00:00
----------------------------------------------------------

70/73 Testing: TestEvaluation.TempoAdvantage
70/73 Test: TestEvaluation.TempoAdvantage
Command: "/home/rafaelmeirelles/santoriniCpp2025/build/run_tests" "--gtest_filter=TestEvaluation.TempoAdvantage" "--gtest_also_run_disabled_tests"
Directory: /home/rafaelmeirelles/santoriniCpp2025/build
"TestEvaluation.TempoAdvantage" start time: Mar 25 17:12 -03
Output:
----------------------------------------------------------
Running main() from /home/rafaelmeirelles/santoriniCpp2025/extern/googletest/googletest/src/gtest_main.cc
Note: Google Test filter = TestEvaluation.TempoAdvantage
[==========] Running 1 test from 1 test suite.
[----------] Global test environment set-up.
[----------] 1 test from TestEvaluation
[ RUN      ] TestEvaluation.TempoAdvantage
[       OK ] TestEvaluation.TempoAdvantage (0 ms)
[----------] 1 test from TestEvaluation (0 ms total)

[----------] Global test environment tear-down
[==========] 1 test from 1 test suite ran. (0 ms total)
[  PASSED  ] 1 test.
<end of output>
Test time =   0.00 sec
----------------------------------------------------------
Test Passed.
"TestEvaluation.TempoAdvantage" end time: Mar 25 17:12 -03
"TestEvaluation.TempoAdvantage" time elapsed: 00:00:00
----------------------------------------------------------

71/73 Testing: TestEvaluation.SupportAdvantage
71/73 Test: TestEvaluation.SupportAdvantage
Command: "/home/rafaelmeirelles/santoriniCpp2025/build/run_tests" "--gtest_filter=TestEvaluation.SupportAdvantage" "--gtest_also_run_disabled_tests"
Directory: /home/rafaelmeirelles/santoriniCpp2025/build
"TestEvaluation.SupportAdvantage" start time: Mar 25 17:12 -03
Output:
----------------------------------------------------------
Running main() from /home/rafaelmeirelles/santoriniCpp2025/extern/googletest/googletest/src/gtest_main.cc
Note: Google Test filter = TestEvaluation.SupportAdvantage
[==========] Running 1 test from 1 test suite.
[----------] Global test environment set-up.
[----------] 1 test from TestEvaluation
[ RUN      ] TestEvaluation.SupportAdvantage
[       OK ] TestEvaluation.SupportAdvantage (0 ms)
[----------] 1 test from TestEvaluation (0 ms total)

[----------] Global test environment tear-down
[==========] 1 test from 1 test suite ran. (0 ms total)
[  PASSED  ] 1 test.
<end of output>
Test time =   0.00 sec
----------------------------------------------------------
Test Passed.
"TestEvaluation.SupportAdvantage" end time: Mar 25 17:12 -03
"TestEvaluation.SupportAdvantage" time elapsed: 00:00:00
----------------------------------------------------------

72/73 Testing: TestEvaluation.NextHeightSupportIsGood
72/73 Test: TestEvaluation.NextHeightSupportIsGood
Command: "/home/rafaelmeirelles/santoriniCpp2025/build/run_tests" "--gtest_filter=TestEvaluation.NextHeightSupportIsGood" "--gtest_also_run_disabled_tests"
Directory: /home/rafaelmeirelles/santoriniCpp2025/build
"TestEvaluation.NextHeightSupportIsGood" start time: Mar 25 17:12 -03
Output:
----------------------------------------------------------
Running main() from /home/rafaelmeirelles/santoriniCpp2025/extern/googletest/googletest/src/gtest_main.cc
Note: Google Test filter = TestEvaluation.NextHeightSupportIsGood
[==========] Running 1 test from 1 test suite.
[----------] Global test environment set-up.
[----------] 1 test from TestEvaluation
[ RUN      ] TestEvaluation.NextHeightSupportIsGood
[       OK ] TestEvaluation.NextHeightSupportIsGood (0 ms)
[----------] 1 test from TestEvaluation (0 ms total)

[----------] Global test environment tear-down
[==========] 1 test from 1 test suite ran. (0 ms total)
[  PASSED  ] 1 test.
<end of output>
Test time =   0.00 sec
----------------------------------------------------------
Test Passed.
"TestEvaluation.NextHeightSupportIsGood" end time: Mar 25 17:12 -03
"TestEvaluation.NextHeightSupportIsGood" time elapsed: 00:00:00
----------------------------------------------------------

73/73 Testing: ClimberQuietMoveTests.VerifyPropertiesAndCompleteness
73/73 Test: ClimberQuietMoveTests.VerifyPropertiesAndCompleteness
Command: "/home/rafaelmeirelles/santoriniCpp2025/build/run_tests" "--gtest_filter=ClimberQuietMoveTests.VerifyPropertiesAndCompleteness" "--gtest_also_run_disabled_tests"
Directory: /home/rafaelmeirelles/santoriniCpp2025/build
"ClimberQuietMoveTests.VerifyPropertiesAndCompleteness" start time: Mar 25 17:12 -03
Output:
----------------------------------------------------------
Running main() from /home/rafaelmeirelles/santoriniCpp2025/extern/googletest/googletest/src/gtest_main.cc
Note: Google Test filter = ClimberQuietMoveTests.VerifyPropertiesAndCompleteness
[==========] Running 1 test from 1 test suite.
[----------] Global test environment set-up.
[----------] 1 test from ClimberQuietMoveTests
[ RUN      ] ClimberQuietMoveTests.VerifyPropertiesAndCompleteness
[       OK ] ClimberQuietMoveTests.VerifyPropertiesAndCompleteness (8 ms)
[----------] 1 test from ClimberQuietMoveTests (8 ms total)

[----------] Global test environment tear-down
[==========] 1 test from 1 test suite ran. (8 ms total)
[  PASSED  ] 1 test.
<end of output>
Test time =   0.01 sec
----------------------------------------------------------
Test Passed.
"ClimberQuietMoveTests.VerifyPropertiesAndCompleteness" end time: Mar 25 17:12 -03
"ClimberQuietMoveTests.VerifyPropertiesAndCompleteness" time elapsed: 00:00:00
----------------------------------------------------------

End testing: Mar 25 17:12 -03
